{
  "/Users/tenman/dev/portfolio/ui/.eslintrc.cjs": {
    "path": "/Users/tenman/dev/portfolio/ui/.eslintrc.cjs",
    "all": true,
    "statementMap": {
      "0": { "start": { "line": 1, "column": 0 }, "end": { "line": 1, "column": 18 } },
      "1": { "start": { "line": 2, "column": 0 }, "end": { "line": 2, "column": 13 } },
      "2": { "start": { "line": 3, "column": 0 }, "end": { "line": 3, "column": 8 } },
      "3": { "start": { "line": 4, "column": 0 }, "end": { "line": 4, "column": 18 } },
      "4": { "start": { "line": 5, "column": 0 }, "end": { "line": 5, "column": 15 } },
      "5": { "start": { "line": 6, "column": 0 }, "end": { "line": 6, "column": 4 } },
      "6": { "start": { "line": 7, "column": 0 }, "end": { "line": 7, "column": 18 } },
      "7": { "start": { "line": 8, "column": 0 }, "end": { "line": 8, "column": 40 } },
      "8": { "start": { "line": 9, "column": 0 }, "end": { "line": 9, "column": 22 } },
      "9": { "start": { "line": 10, "column": 0 }, "end": { "line": 10, "column": 25 } },
      "10": { "start": { "line": 11, "column": 0 }, "end": { "line": 11, "column": 4 } },
      "11": { "start": { "line": 12, "column": 0 }, "end": { "line": 12, "column": 27 } },
      "12": { "start": { "line": 13, "column": 0 }, "end": { "line": 13, "column": 12 } },
      "13": { "start": { "line": 14, "column": 0 }, "end": { "line": 14, "column": 25 } },
      "14": { "start": { "line": 15, "column": 0 }, "end": { "line": 15, "column": 44 } },
      "15": { "start": { "line": 16, "column": 0 }, "end": { "line": 16, "column": 34 } },
      "16": { "start": { "line": 17, "column": 0 }, "end": { "line": 17, "column": 34 } },
      "17": { "start": { "line": 18, "column": 0 }, "end": { "line": 18, "column": 4 } },
      "18": { "start": { "line": 19, "column": 0 }, "end": { "line": 19, "column": 10 } },
      "19": { "start": { "line": 20, "column": 0 }, "end": { "line": 20, "column": 29 } },
      "20": { "start": { "line": 21, "column": 0 }, "end": { "line": 21, "column": 25 } },
      "21": { "start": { "line": 22, "column": 0 }, "end": { "line": 22, "column": 48 } },
      "22": { "start": { "line": 23, "column": 0 }, "end": { "line": 23, "column": 63 } },
      "23": { "start": { "line": 24, "column": 0 }, "end": { "line": 24, "column": 33 } },
      "24": { "start": { "line": 25, "column": 0 }, "end": { "line": 25, "column": 47 } },
      "25": { "start": { "line": 26, "column": 0 }, "end": { "line": 26, "column": 15 } },
      "26": { "start": { "line": 27, "column": 0 }, "end": { "line": 27, "column": 7 } },
      "27": { "start": { "line": 28, "column": 0 }, "end": { "line": 28, "column": 4 } },
      "28": { "start": { "line": 29, "column": 0 }, "end": { "line": 29, "column": 1 } }
    },
    "s": {
      "0": 0,
      "1": 0,
      "2": 0,
      "3": 0,
      "4": 0,
      "5": 0,
      "6": 0,
      "7": 0,
      "8": 0,
      "9": 0,
      "10": 0,
      "11": 0,
      "12": 0,
      "13": 0,
      "14": 0,
      "15": 0,
      "16": 0,
      "17": 0,
      "18": 0,
      "19": 0,
      "20": 0,
      "21": 0,
      "22": 0,
      "23": 0,
      "24": 0,
      "25": 0,
      "26": 0,
      "27": 0,
      "28": 0
    },
    "branchMap": {
      "0": {
        "type": "branch",
        "line": 1,
        "loc": { "start": { "line": 1, "column": 675 }, "end": { "line": 29, "column": 1 } },
        "locations": [{ "start": { "line": 1, "column": 675 }, "end": { "line": 29, "column": 1 } }]
      }
    },
    "b": { "0": [0] },
    "fnMap": {
      "0": {
        "name": "(empty-report)",
        "decl": { "start": { "line": 1, "column": 675 }, "end": { "line": 29, "column": 1 } },
        "loc": { "start": { "line": 1, "column": 675 }, "end": { "line": 29, "column": 1 } },
        "line": 1
      }
    },
    "f": { "0": 0 }
  },
  "/Users/tenman/dev/portfolio/ui/app.vue": {
    "path": "/Users/tenman/dev/portfolio/ui/app.vue",
    "all": true,
    "statementMap": {
      "1": { "start": { "line": 2, "column": 0 }, "end": { "line": 2, "column": 45 } },
      "2": { "start": { "line": 3, "column": 0 }, "end": { "line": 3, "column": 14 } },
      "3": { "start": { "line": 4, "column": 0 }, "end": { "line": 4, "column": 30 } },
      "4": { "start": { "line": 5, "column": 0 }, "end": { "line": 5, "column": 40 } },
      "5": { "start": { "line": 6, "column": 0 }, "end": { "line": 6, "column": 35 } },
      "6": { "start": { "line": 7, "column": 0 }, "end": { "line": 7, "column": 12 } },
      "7": { "start": { "line": 8, "column": 0 }, "end": { "line": 8, "column": 11 } },
      "8": { "start": { "line": 9, "column": 0 }, "end": { "line": 9, "column": 46 } },
      "9": { "start": { "line": 10, "column": 0 }, "end": { "line": 10, "column": 63 } },
      "10": { "start": { "line": 11, "column": 0 }, "end": { "line": 11, "column": 13 } },
      "11": { "start": { "line": 12, "column": 0 }, "end": { "line": 12, "column": 18 } },
      "12": { "start": { "line": 13, "column": 0 }, "end": { "line": 13, "column": 41 } },
      "13": { "start": { "line": 14, "column": 0 }, "end": { "line": 14, "column": 47 } },
      "14": { "start": { "line": 15, "column": 0 }, "end": { "line": 15, "column": 51 } },
      "15": { "start": { "line": 16, "column": 0 }, "end": { "line": 16, "column": 60 } },
      "16": { "start": { "line": 17, "column": 0 }, "end": { "line": 17, "column": 58 } },
      "17": { "start": { "line": 18, "column": 0 }, "end": { "line": 18, "column": 62 } },
      "18": { "start": { "line": 19, "column": 0 }, "end": { "line": 19, "column": 43 } },
      "19": { "start": { "line": 20, "column": 0 }, "end": { "line": 20, "column": 41 } },
      "20": { "start": { "line": 21, "column": 0 }, "end": { "line": 21, "column": 6 } },
      "21": { "start": { "line": 22, "column": 0 }, "end": { "line": 22, "column": 8 } },
      "25": { "start": { "line": 26, "column": 0 }, "end": { "line": 26, "column": 45 } },
      "26": { "start": { "line": 27, "column": 0 }, "end": { "line": 27, "column": 66 } },
      "27": { "start": { "line": 28, "column": 0 }, "end": { "line": 28, "column": 58 } },
      "29": { "start": { "line": 30, "column": 0 }, "end": { "line": 30, "column": 44 } },
      "30": { "start": { "line": 31, "column": 0 }, "end": { "line": 31, "column": 37 } }
    },
    "s": {
      "1": 0,
      "2": 0,
      "3": 0,
      "4": 0,
      "5": 0,
      "6": 0,
      "7": 0,
      "8": 0,
      "9": 0,
      "10": 0,
      "11": 0,
      "12": 0,
      "13": 0,
      "14": 0,
      "15": 0,
      "16": 0,
      "17": 0,
      "18": 0,
      "19": 0,
      "20": 0,
      "21": 0,
      "25": 0,
      "26": 0,
      "27": 0,
      "29": 0,
      "30": 0
    },
    "branchMap": {
      "0": {
        "type": "branch",
        "line": 1,
        "loc": { "start": { "line": 1, "column": 1079 }, "end": { "line": 32, "column": 9 } },
        "locations": [
          { "start": { "line": 1, "column": 1079 }, "end": { "line": 32, "column": 9 } }
        ]
      }
    },
    "b": { "0": [1] },
    "fnMap": {
      "0": {
        "name": "(empty-report)",
        "decl": { "start": { "line": 1, "column": 1079 }, "end": { "line": 32, "column": 9 } },
        "loc": { "start": { "line": 1, "column": 1079 }, "end": { "line": 32, "column": 9 } },
        "line": 1
      }
    },
    "f": { "0": 1 }
  },
  "/Users/tenman/dev/portfolio/ui/components/calculator.vue": {
    "path": "/Users/tenman/dev/portfolio/ui/components/calculator.vue",
    "all": false,
    "statementMap": {
      "1": { "start": { "line": 2, "column": 0 }, "end": { "line": 2, "column": 30 } },
      "2": { "start": { "line": 3, "column": 0 }, "end": { "line": 3, "column": 72 } },
      "3": { "start": { "line": 4, "column": 0 }, "end": { "line": 4, "column": 36 } },
      "4": { "start": { "line": 5, "column": 0 }, "end": { "line": 5, "column": 10 } },
      "6": { "start": { "line": 7, "column": 0 }, "end": { "line": 7, "column": 21 } },
      "7": { "start": { "line": 8, "column": 0 }, "end": { "line": 8, "column": 28 } },
      "8": { "start": { "line": 9, "column": 0 }, "end": { "line": 9, "column": 30 } },
      "9": { "start": { "line": 10, "column": 0 }, "end": { "line": 10, "column": 74 } },
      "10": { "start": { "line": 11, "column": 0 }, "end": { "line": 11, "column": 75 } },
      "11": { "start": { "line": 12, "column": 0 }, "end": { "line": 12, "column": 18 } },
      "12": { "start": { "line": 13, "column": 0 }, "end": { "line": 13, "column": 61 } },
      "13": { "start": { "line": 14, "column": 0 }, "end": { "line": 14, "column": 23 } },
      "14": { "start": { "line": 15, "column": 0 }, "end": { "line": 15, "column": 42 } },
      "15": { "start": { "line": 16, "column": 0 }, "end": { "line": 16, "column": 34 } },
      "16": { "start": { "line": 17, "column": 0 }, "end": { "line": 17, "column": 32 } },
      "17": { "start": { "line": 18, "column": 0 }, "end": { "line": 18, "column": 30 } },
      "18": { "start": { "line": 19, "column": 0 }, "end": { "line": 19, "column": 22 } },
      "19": { "start": { "line": 20, "column": 0 }, "end": { "line": 20, "column": 14 } },
      "20": { "start": { "line": 21, "column": 0 }, "end": { "line": 21, "column": 16 } },
      "21": { "start": { "line": 22, "column": 0 }, "end": { "line": 22, "column": 50 } },
      "22": { "start": { "line": 23, "column": 0 }, "end": { "line": 23, "column": 19 } },
      "23": { "start": { "line": 24, "column": 0 }, "end": { "line": 24, "column": 27 } },
      "24": { "start": { "line": 25, "column": 0 }, "end": { "line": 25, "column": 59 } },
      "25": { "start": { "line": 26, "column": 0 }, "end": { "line": 26, "column": 34 } },
      "26": { "start": { "line": 27, "column": 0 }, "end": { "line": 27, "column": 13 } },
      "28": { "start": { "line": 29, "column": 0 }, "end": { "line": 29, "column": 21 } },
      "29": { "start": { "line": 30, "column": 0 }, "end": { "line": 30, "column": 16 } },
      "30": { "start": { "line": 31, "column": 0 }, "end": { "line": 31, "column": 15 } },
      "31": { "start": { "line": 32, "column": 0 }, "end": { "line": 32, "column": 12 } },
      "32": { "start": { "line": 33, "column": 0 }, "end": { "line": 33, "column": 28 } },
      "33": { "start": { "line": 34, "column": 0 }, "end": { "line": 34, "column": 43 } },
      "34": { "start": { "line": 35, "column": 0 }, "end": { "line": 35, "column": 18 } },
      "35": { "start": { "line": 36, "column": 0 }, "end": { "line": 36, "column": 55 } },
      "36": { "start": { "line": 37, "column": 0 }, "end": { "line": 37, "column": 31 } },
      "37": { "start": { "line": 38, "column": 0 }, "end": { "line": 38, "column": 44 } },
      "38": { "start": { "line": 39, "column": 0 }, "end": { "line": 39, "column": 29 } },
      "39": { "start": { "line": 40, "column": 0 }, "end": { "line": 40, "column": 34 } },
      "40": { "start": { "line": 41, "column": 0 }, "end": { "line": 41, "column": 10 } },
      "41": { "start": { "line": 42, "column": 0 }, "end": { "line": 42, "column": 17 } },
      "42": { "start": { "line": 43, "column": 0 }, "end": { "line": 43, "column": 48 } },
      "43": { "start": { "line": 44, "column": 0 }, "end": { "line": 44, "column": 41 } },
      "44": { "start": { "line": 45, "column": 0 }, "end": { "line": 45, "column": 44 } },
      "45": { "start": { "line": 46, "column": 0 }, "end": { "line": 46, "column": 29 } },
      "46": { "start": { "line": 47, "column": 0 }, "end": { "line": 47, "column": 33 } },
      "47": { "start": { "line": 48, "column": 0 }, "end": { "line": 48, "column": 22 } },
      "48": { "start": { "line": 49, "column": 0 }, "end": { "line": 49, "column": 10 } },
      "49": { "start": { "line": 50, "column": 0 }, "end": { "line": 50, "column": 12 } },
      "50": { "start": { "line": 51, "column": 0 }, "end": { "line": 51, "column": 10 } },
      "52": { "start": { "line": 53, "column": 0 }, "end": { "line": 53, "column": 43 } },
      "53": { "start": { "line": 54, "column": 0 }, "end": { "line": 54, "column": 88 } },
      "55": { "start": { "line": 56, "column": 0 }, "end": { "line": 56, "column": 15 } },
      "56": { "start": { "line": 57, "column": 0 }, "end": { "line": 57, "column": 10 } },
      "58": { "start": { "line": 59, "column": 0 }, "end": { "line": 59, "column": 26 } },
      "59": { "start": { "line": 60, "column": 0 }, "end": { "line": 60, "column": 26 } },
      "60": { "start": { "line": 61, "column": 0 }, "end": { "line": 61, "column": 37 } },
      "61": { "start": { "line": 62, "column": 0 }, "end": { "line": 62, "column": 69 } },
      "62": { "start": { "line": 63, "column": 0 }, "end": { "line": 63, "column": 12 } },
      "63": { "start": { "line": 64, "column": 0 }, "end": { "line": 64, "column": 10 } },
      "64": { "start": { "line": 65, "column": 0 }, "end": { "line": 65, "column": 8 } },
      "68": { "start": { "line": 69, "column": 0 }, "end": { "line": 69, "column": 61 } },
      "69": { "start": { "line": 70, "column": 0 }, "end": { "line": 70, "column": 52 } },
      "70": { "start": { "line": 71, "column": 0 }, "end": { "line": 71, "column": 47 } },
      "71": { "start": { "line": 72, "column": 0 }, "end": { "line": 72, "column": 45 } },
      "72": { "start": { "line": 73, "column": 0 }, "end": { "line": 73, "column": 57 } },
      "73": { "start": { "line": 74, "column": 0 }, "end": { "line": 74, "column": 74 } },
      "74": { "start": { "line": 75, "column": 0 }, "end": { "line": 75, "column": 55 } },
      "76": { "start": { "line": 77, "column": 0 }, "end": { "line": 77, "column": 91 } },
      "77": { "start": { "line": 78, "column": 0 }, "end": { "line": 78, "column": 17 } },
      "79": { "start": { "line": 80, "column": 0 }, "end": { "line": 80, "column": 32 } },
      "81": { "start": { "line": 82, "column": 0 }, "end": { "line": 82, "column": 33 } },
      "82": { "start": { "line": 83, "column": 0 }, "end": { "line": 83, "column": 35 } },
      "83": { "start": { "line": 84, "column": 0 }, "end": { "line": 84, "column": 30 } },
      "84": { "start": { "line": 85, "column": 0 }, "end": { "line": 85, "column": 80 } },
      "85": { "start": { "line": 86, "column": 0 }, "end": { "line": 86, "column": 25 } },
      "86": { "start": { "line": 87, "column": 0 }, "end": { "line": 87, "column": 25 } },
      "87": { "start": { "line": 88, "column": 0 }, "end": { "line": 88, "column": 32 } },
      "88": { "start": { "line": 89, "column": 0 }, "end": { "line": 89, "column": 4 } },
      "90": { "start": { "line": 91, "column": 0 }, "end": { "line": 91, "column": 18 } },
      "91": { "start": { "line": 92, "column": 0 }, "end": { "line": 92, "column": 27 } },
      "92": { "start": { "line": 93, "column": 0 }, "end": { "line": 93, "column": 3 } },
      "93": { "start": { "line": 94, "column": 0 }, "end": { "line": 94, "column": 1 } },
      "102": { "start": { "line": 103, "column": 0 }, "end": { "line": 103, "column": 47 } },
      "103": { "start": { "line": 104, "column": 0 }, "end": { "line": 104, "column": 61 } },
      "104": { "start": { "line": 105, "column": 0 }, "end": { "line": 105, "column": 71 } },
      "105": { "start": { "line": 106, "column": 0 }, "end": { "line": 106, "column": 71 } },
      "106": { "start": { "line": 107, "column": 0 }, "end": { "line": 107, "column": 71 } },
      "107": { "start": { "line": 108, "column": 0 }, "end": { "line": 108, "column": 73 } },
      "108": { "start": { "line": 109, "column": 0 }, "end": { "line": 109, "column": 1 } },
      "110": { "start": { "line": 111, "column": 0 }, "end": { "line": 111, "column": 44 } },
      "111": { "start": { "line": 112, "column": 0 }, "end": { "line": 112, "column": 33 } },
      "112": { "start": { "line": 113, "column": 0 }, "end": { "line": 113, "column": 73 } },
      "113": { "start": { "line": 114, "column": 0 }, "end": { "line": 114, "column": 75 } },
      "114": { "start": { "line": 115, "column": 0 }, "end": { "line": 115, "column": 86 } },
      "115": { "start": { "line": 116, "column": 0 }, "end": { "line": 116, "column": 1 } }
    },
    "s": {
      "1": 1,
      "2": 1,
      "3": 1,
      "4": 1,
      "6": 1,
      "7": 1,
      "8": 1,
      "9": 1,
      "10": 1,
      "11": 1,
      "12": 1,
      "13": 1,
      "14": 1,
      "15": 1,
      "16": 1,
      "17": 1,
      "18": 1,
      "19": 1,
      "20": 1,
      "21": 1,
      "22": 1,
      "23": 1,
      "24": 1,
      "25": 1,
      "26": 1,
      "28": 1,
      "29": 1,
      "30": 1,
      "31": 1,
      "32": 1,
      "33": 1,
      "34": 1,
      "35": 1,
      "36": 1,
      "37": 1,
      "38": 1,
      "39": 1,
      "40": 1,
      "41": 1,
      "42": 1,
      "43": 1,
      "44": 1,
      "45": 1,
      "46": 1,
      "47": 1,
      "48": 1,
      "49": 1,
      "50": 1,
      "52": 1,
      "53": 1,
      "55": 1,
      "56": 1,
      "58": 1,
      "59": 1,
      "60": 1,
      "61": 1,
      "62": 1,
      "63": 1,
      "64": 1,
      "68": 1,
      "69": 1,
      "70": 1,
      "71": 1,
      "72": 1,
      "73": 1,
      "74": 1,
      "76": 1,
      "77": 1,
      "79": 1,
      "81": 1,
      "82": 1,
      "83": 1,
      "84": 1,
      "85": 1,
      "86": 1,
      "87": 1,
      "88": 1,
      "90": 1,
      "91": 1,
      "92": 1,
      "93": 1,
      "102": 1,
      "103": 1,
      "104": 1,
      "105": 1,
      "106": 1,
      "107": 1,
      "108": 1,
      "110": 1,
      "111": 1,
      "112": 1,
      "113": 1,
      "114": 1,
      "115": 1
    },
    "branchMap": {},
    "b": {},
    "fnMap": {},
    "f": {}
  },
  "/Users/tenman/dev/portfolio/ui/components/nav-bar.vue": {
    "path": "/Users/tenman/dev/portfolio/ui/components/nav-bar.vue",
    "all": true,
    "statementMap": {
      "1": { "start": { "line": 2, "column": 0 }, "end": { "line": 2, "column": 86 } },
      "2": { "start": { "line": 3, "column": 0 }, "end": { "line": 3, "column": 33 } },
      "3": { "start": { "line": 4, "column": 0 }, "end": { "line": 4, "column": 43 } },
      "4": { "start": { "line": 5, "column": 0 }, "end": { "line": 5, "column": 36 } },
      "5": { "start": { "line": 6, "column": 0 }, "end": { "line": 6, "column": 33 } },
      "6": { "start": { "line": 7, "column": 0 }, "end": { "line": 7, "column": 75 } },
      "7": { "start": { "line": 8, "column": 0 }, "end": { "line": 8, "column": 83 } },
      "8": { "start": { "line": 9, "column": 0 }, "end": { "line": 9, "column": 32 } },
      "9": { "start": { "line": 10, "column": 0 }, "end": { "line": 10, "column": 51 } },
      "10": { "start": { "line": 11, "column": 0 }, "end": { "line": 11, "column": 28 } },
      "11": { "start": { "line": 12, "column": 0 }, "end": { "line": 12, "column": 17 } },
      "12": { "start": { "line": 13, "column": 0 }, "end": { "line": 13, "column": 15 } },
      "13": { "start": { "line": 14, "column": 0 }, "end": { "line": 14, "column": 37 } },
      "14": { "start": { "line": 15, "column": 0 }, "end": { "line": 15, "column": 51 } },
      "15": { "start": { "line": 16, "column": 0 }, "end": { "line": 16, "column": 53 } },
      "16": { "start": { "line": 17, "column": 0 }, "end": { "line": 17, "column": 85 } },
      "17": { "start": { "line": 18, "column": 0 }, "end": { "line": 18, "column": 19 } },
      "18": { "start": { "line": 19, "column": 0 }, "end": { "line": 19, "column": 16 } },
      "19": { "start": { "line": 20, "column": 0 }, "end": { "line": 20, "column": 14 } },
      "20": { "start": { "line": 21, "column": 0 }, "end": { "line": 21, "column": 12 } },
      "21": { "start": { "line": 22, "column": 0 }, "end": { "line": 22, "column": 10 } },
      "22": { "start": { "line": 23, "column": 0 }, "end": { "line": 23, "column": 8 } },
      "26": { "start": { "line": 27, "column": 0 }, "end": { "line": 27, "column": 25 } },
      "27": { "start": { "line": 28, "column": 0 }, "end": { "line": 28, "column": 46 } },
      "28": { "start": { "line": 29, "column": 0 }, "end": { "line": 29, "column": 60 } },
      "30": { "start": { "line": 31, "column": 0 }, "end": { "line": 31, "column": 20 } },
      "31": { "start": { "line": 32, "column": 0 }, "end": { "line": 32, "column": 33 } },
      "32": { "start": { "line": 33, "column": 0 }, "end": { "line": 33, "column": 46 } },
      "33": { "start": { "line": 34, "column": 0 }, "end": { "line": 34, "column": 48 } },
      "34": { "start": { "line": 35, "column": 0 }, "end": { "line": 35, "column": 50 } },
      "35": { "start": { "line": 36, "column": 0 }, "end": { "line": 36, "column": 2 } },
      "37": { "start": { "line": 38, "column": 0 }, "end": { "line": 38, "column": 38 } },
      "38": { "start": { "line": 39, "column": 0 }, "end": { "line": 39, "column": 27 } },
      "39": { "start": { "line": 40, "column": 0 }, "end": { "line": 40, "column": 39 } },
      "40": { "start": { "line": 41, "column": 0 }, "end": { "line": 41, "column": 22 } },
      "41": { "start": { "line": 42, "column": 0 }, "end": { "line": 42, "column": 15 } },
      "42": { "start": { "line": 43, "column": 0 }, "end": { "line": 43, "column": 2 } },
      "44": { "start": { "line": 45, "column": 0 }, "end": { "line": 45, "column": 49 } },
      "45": { "start": { "line": 46, "column": 0 }, "end": { "line": 46, "column": 63 } },
      "47": { "start": { "line": 48, "column": 0 }, "end": { "line": 48, "column": 7 } },
      "48": { "start": { "line": 49, "column": 0 }, "end": { "line": 49, "column": 37 } },
      "49": { "start": { "line": 50, "column": 0 }, "end": { "line": 50, "column": 58 } },
      "50": { "start": { "line": 51, "column": 0 }, "end": { "line": 51, "column": 67 } },
      "51": { "start": { "line": 52, "column": 0 }, "end": { "line": 52, "column": 35 } },
      "52": { "start": { "line": 53, "column": 0 }, "end": { "line": 53, "column": 36 } },
      "53": { "start": { "line": 54, "column": 0 }, "end": { "line": 54, "column": 16 } },
      "54": { "start": { "line": 55, "column": 0 }, "end": { "line": 55, "column": 21 } },
      "55": { "start": { "line": 56, "column": 0 }, "end": { "line": 56, "column": 3 } },
      "56": { "start": { "line": 57, "column": 0 }, "end": { "line": 57, "column": 1 } }
    },
    "s": {
      "1": 0,
      "2": 0,
      "3": 0,
      "4": 0,
      "5": 0,
      "6": 0,
      "7": 0,
      "8": 0,
      "9": 0,
      "10": 0,
      "11": 0,
      "12": 0,
      "13": 0,
      "14": 0,
      "15": 0,
      "16": 0,
      "17": 0,
      "18": 0,
      "19": 0,
      "20": 0,
      "21": 0,
      "22": 0,
      "26": 0,
      "27": 0,
      "28": 0,
      "30": 0,
      "31": 0,
      "32": 0,
      "33": 0,
      "34": 0,
      "35": 0,
      "37": 0,
      "38": 0,
      "39": 0,
      "40": 0,
      "41": 0,
      "42": 0,
      "44": 0,
      "45": 0,
      "47": 0,
      "48": 0,
      "49": 0,
      "50": 0,
      "51": 0,
      "52": 0,
      "53": 0,
      "54": 0,
      "55": 0,
      "56": 0
    },
    "branchMap": {
      "0": {
        "type": "branch",
        "line": 1,
        "loc": { "start": { "line": 1, "column": 3592 }, "end": { "line": 170, "column": 8 } },
        "locations": [
          { "start": { "line": 1, "column": 3592 }, "end": { "line": 170, "column": 8 } }
        ]
      }
    },
    "b": { "0": [1] },
    "fnMap": {
      "0": {
        "name": "(empty-report)",
        "decl": { "start": { "line": 1, "column": 3592 }, "end": { "line": 170, "column": 8 } },
        "loc": { "start": { "line": 1, "column": 3592 }, "end": { "line": 170, "column": 8 } },
        "line": 1
      }
    },
    "f": { "0": 1 }
  },
  "/Users/tenman/dev/portfolio/ui/components/portfolio-summary.vue": {
    "path": "/Users/tenman/dev/portfolio/ui/components/portfolio-summary.vue",
    "all": false,
    "statementMap": {
      "1": { "start": { "line": 2, "column": 0 }, "end": { "line": 2, "column": 30 } },
      "2": { "start": { "line": 3, "column": 0 }, "end": { "line": 3, "column": 22 } },
      "3": { "start": { "line": 4, "column": 0 }, "end": { "line": 4, "column": 29 } },
      "4": { "start": { "line": 5, "column": 0 }, "end": { "line": 5, "column": 41 } },
      "5": { "start": { "line": 6, "column": 0 }, "end": { "line": 6, "column": 38 } },
      "6": { "start": { "line": 7, "column": 0 }, "end": { "line": 7, "column": 6 } },
      "8": { "start": { "line": 9, "column": 0 }, "end": { "line": 9, "column": 90 } },
      "9": { "start": { "line": 10, "column": 0 }, "end": { "line": 10, "column": 53 } },
      "10": { "start": { "line": 11, "column": 0 }, "end": { "line": 11, "column": 10 } },
      "12": { "start": { "line": 13, "column": 0 }, "end": { "line": 13, "column": 83 } },
      "13": { "start": { "line": 14, "column": 0 }, "end": { "line": 14, "column": 17 } },
      "14": { "start": { "line": 15, "column": 0 }, "end": { "line": 15, "column": 10 } },
      "16": { "start": { "line": 17, "column": 0 }, "end": { "line": 17, "column": 81 } },
      "18": { "start": { "line": 19, "column": 0 }, "end": { "line": 19, "column": 10 } },
      "20": { "start": { "line": 21, "column": 0 }, "end": { "line": 21, "column": 21 } },
      "21": { "start": { "line": 22, "column": 0 }, "end": { "line": 22, "column": 10 } },
      "22": { "start": { "line": 23, "column": 0 }, "end": { "line": 23, "column": 39 } },
      "23": { "start": { "line": 24, "column": 0 }, "end": { "line": 24, "column": 65 } },
      "24": { "start": { "line": 25, "column": 0 }, "end": { "line": 25, "column": 20 } },
      "26": { "start": { "line": 27, "column": 0 }, "end": { "line": 27, "column": 34 } },
      "27": { "start": { "line": 28, "column": 0 }, "end": { "line": 28, "column": 15 } },
      "28": { "start": { "line": 29, "column": 0 }, "end": { "line": 29, "column": 23 } },
      "29": { "start": { "line": 30, "column": 0 }, "end": { "line": 30, "column": 27 } },
      "30": { "start": { "line": 31, "column": 0 }, "end": { "line": 31, "column": 44 } },
      "31": { "start": { "line": 32, "column": 0 }, "end": { "line": 32, "column": 28 } },
      "32": { "start": { "line": 33, "column": 0 }, "end": { "line": 33, "column": 18 } },
      "33": { "start": { "line": 34, "column": 0 }, "end": { "line": 34, "column": 12 } },
      "35": { "start": { "line": 36, "column": 0 }, "end": { "line": 36, "column": 52 } },
      "37": { "start": { "line": 38, "column": 0 }, "end": { "line": 38, "column": 17 } },
      "38": { "start": { "line": 39, "column": 0 }, "end": { "line": 39, "column": 34 } },
      "39": { "start": { "line": 40, "column": 0 }, "end": { "line": 40, "column": 33 } },
      "40": { "start": { "line": 41, "column": 0 }, "end": { "line": 41, "column": 39 } },
      "41": { "start": { "line": 42, "column": 0 }, "end": { "line": 42, "column": 20 } },
      "42": { "start": { "line": 43, "column": 0 }, "end": { "line": 43, "column": 8 } },
      "44": { "start": { "line": 45, "column": 0 }, "end": { "line": 45, "column": 54 } },
      "45": { "start": { "line": 46, "column": 0 }, "end": { "line": 46, "column": 63 } },
      "46": { "start": { "line": 47, "column": 0 }, "end": { "line": 47, "column": 67 } },
      "47": { "start": { "line": 48, "column": 0 }, "end": { "line": 48, "column": 14 } },
      "48": { "start": { "line": 49, "column": 0 }, "end": { "line": 49, "column": 12 } },
      "49": { "start": { "line": 50, "column": 0 }, "end": { "line": 50, "column": 15 } },
      "50": { "start": { "line": 51, "column": 0 }, "end": { "line": 51, "column": 8 } },
      "54": { "start": { "line": 55, "column": 0 }, "end": { "line": 55, "column": 52 } },
      "55": { "start": { "line": 56, "column": 0 }, "end": { "line": 56, "column": 48 } },
      "56": { "start": { "line": 57, "column": 0 }, "end": { "line": 57, "column": 85 } },
      "57": { "start": { "line": 58, "column": 0 }, "end": { "line": 58, "column": 70 } },
      "58": { "start": { "line": 59, "column": 0 }, "end": { "line": 59, "column": 55 } },
      "59": { "start": { "line": 60, "column": 0 }, "end": { "line": 60, "column": 64 } },
      "60": { "start": { "line": 61, "column": 0 }, "end": { "line": 61, "column": 74 } },
      "61": { "start": { "line": 62, "column": 0 }, "end": { "line": 62, "column": 8 } },
      "67": { "start": { "line": 68, "column": 0 }, "end": { "line": 68, "column": 92 } },
      "71": { "start": { "line": 72, "column": 0 }, "end": { "line": 72, "column": 7 } },
      "72": { "start": { "line": 73, "column": 0 }, "end": { "line": 73, "column": 12 } },
      "73": { "start": { "line": 74, "column": 0 }, "end": { "line": 74, "column": 20 } },
      "74": { "start": { "line": 75, "column": 0 }, "end": { "line": 75, "column": 12 } },
      "75": { "start": { "line": 76, "column": 0 }, "end": { "line": 76, "column": 18 } },
      "76": { "start": { "line": 77, "column": 0 }, "end": { "line": 77, "column": 13 } },
      "77": { "start": { "line": 78, "column": 0 }, "end": { "line": 78, "column": 8 } },
      "78": { "start": { "line": 79, "column": 0 }, "end": { "line": 79, "column": 23 } },
      "79": { "start": { "line": 80, "column": 0 }, "end": { "line": 80, "column": 14 } },
      "80": { "start": { "line": 81, "column": 0 }, "end": { "line": 81, "column": 17 } },
      "81": { "start": { "line": 82, "column": 0 }, "end": { "line": 82, "column": 14 } },
      "82": { "start": { "line": 83, "column": 0 }, "end": { "line": 83, "column": 30 } },
      "84": { "start": { "line": 85, "column": 0 }, "end": { "line": 85, "column": 59 } },
      "86": { "start": { "line": 87, "column": 0 }, "end": { "line": 87, "column": 32 } },
      "88": { "start": { "line": 89, "column": 0 }, "end": { "line": 89, "column": 45 } },
      "89": { "start": { "line": 90, "column": 0 }, "end": { "line": 90, "column": 39 } },
      "90": { "start": { "line": 91, "column": 0 }, "end": { "line": 91, "column": 33 } },
      "91": { "start": { "line": 92, "column": 0 }, "end": { "line": 92, "column": 70 } },
      "92": { "start": { "line": 93, "column": 0 }, "end": { "line": 93, "column": 18 } },
      "93": { "start": { "line": 94, "column": 0 }, "end": { "line": 94, "column": 2 } },
      "95": { "start": { "line": 96, "column": 0 }, "end": { "line": 96, "column": 77 } },
      "97": { "start": { "line": 98, "column": 0 }, "end": { "line": 98, "column": 44 } },
      "98": { "start": { "line": 99, "column": 0 }, "end": { "line": 99, "column": 56 } },
      "99": { "start": { "line": 100, "column": 0 }, "end": { "line": 100, "column": 99 } },
      "100": { "start": { "line": 101, "column": 0 }, "end": { "line": 101, "column": 3 } },
      "101": { "start": { "line": 102, "column": 0 }, "end": { "line": 102, "column": 26 } },
      "102": { "start": { "line": 103, "column": 0 }, "end": { "line": 103, "column": 30 } },
      "103": { "start": { "line": 104, "column": 0 }, "end": { "line": 104, "column": 40 } },
      "104": { "start": { "line": 105, "column": 0 }, "end": { "line": 105, "column": 28 } },
      "105": { "start": { "line": 106, "column": 0 }, "end": { "line": 106, "column": 4 } },
      "106": { "start": { "line": 107, "column": 0 }, "end": { "line": 107, "column": 96 } },
      "107": { "start": { "line": 108, "column": 0 }, "end": { "line": 108, "column": 85 } },
      "108": { "start": { "line": 109, "column": 0 }, "end": { "line": 109, "column": 83 } },
      "109": { "start": { "line": 110, "column": 0 }, "end": { "line": 110, "column": 1 } },
      "111": { "start": { "line": 112, "column": 0 }, "end": { "line": 112, "column": 61 } },
      "112": { "start": { "line": 113, "column": 0 }, "end": { "line": 113, "column": 73 } },
      "113": { "start": { "line": 114, "column": 0 }, "end": { "line": 114, "column": 55 } },
      "114": { "start": { "line": 115, "column": 0 }, "end": { "line": 115, "column": 1 } },
      "116": { "start": { "line": 117, "column": 0 }, "end": { "line": 117, "column": 18 } },
      "117": { "start": { "line": 118, "column": 0 }, "end": { "line": 118, "column": 9 } },
      "118": { "start": { "line": 119, "column": 0 }, "end": { "line": 119, "column": 15 } },
      "119": { "start": { "line": 120, "column": 0 }, "end": { "line": 120, "column": 55 } },
      "120": { "start": { "line": 121, "column": 0 }, "end": { "line": 121, "column": 26 } },
      "121": { "start": { "line": 122, "column": 0 }, "end": { "line": 122, "column": 4 } },
      "122": { "start": { "line": 123, "column": 0 }, "end": { "line": 123, "column": 19 } },
      "123": { "start": { "line": 124, "column": 0 }, "end": { "line": 124, "column": 1 } },
      "125": { "start": { "line": 126, "column": 0 }, "end": { "line": 126, "column": 39 } },
      "126": { "start": { "line": 127, "column": 0 }, "end": { "line": 127, "column": 39 } },
      "127": { "start": { "line": 128, "column": 0 }, "end": { "line": 128, "column": 40 } },
      "128": { "start": { "line": 129, "column": 0 }, "end": { "line": 129, "column": 12 } },
      "129": { "start": { "line": 130, "column": 0 }, "end": { "line": 130, "column": 128 } },
      "130": { "start": { "line": 131, "column": 0 }, "end": { "line": 131, "column": 31 } },
      "131": { "start": { "line": 132, "column": 0 }, "end": { "line": 132, "column": 25 } },
      "132": { "start": { "line": 133, "column": 0 }, "end": { "line": 133, "column": 32 } },
      "133": { "start": { "line": 134, "column": 0 }, "end": { "line": 134, "column": 4 } },
      "135": { "start": { "line": 136, "column": 0 }, "end": { "line": 136, "column": 22 } },
      "136": { "start": { "line": 137, "column": 0 }, "end": { "line": 137, "column": 23 } },
      "137": { "start": { "line": 138, "column": 0 }, "end": { "line": 138, "column": 3 } },
      "138": { "start": { "line": 139, "column": 0 }, "end": { "line": 139, "column": 1 } }
    },
    "s": {
      "1": 1,
      "2": 1,
      "3": 1,
      "4": 1,
      "5": 1,
      "6": 1,
      "8": 1,
      "9": 1,
      "10": 1,
      "12": 1,
      "13": 1,
      "14": 1,
      "16": 1,
      "18": 1,
      "20": 1,
      "21": 1,
      "22": 1,
      "23": 1,
      "24": 1,
      "26": 1,
      "27": 1,
      "28": 1,
      "29": 1,
      "30": 1,
      "31": 1,
      "32": 1,
      "33": 1,
      "35": 1,
      "37": 1,
      "38": 1,
      "39": 1,
      "40": 1,
      "41": 1,
      "42": 1,
      "44": 1,
      "45": 1,
      "46": 1,
      "47": 1,
      "48": 1,
      "49": 1,
      "50": 1,
      "54": 1,
      "55": 1,
      "56": 1,
      "57": 1,
      "58": 1,
      "59": 1,
      "60": 1,
      "61": 1,
      "67": 1,
      "71": 1,
      "72": 1,
      "73": 1,
      "74": 1,
      "75": 1,
      "76": 1,
      "77": 1,
      "78": 1,
      "79": 1,
      "80": 1,
      "81": 1,
      "82": 1,
      "84": 1,
      "86": 1,
      "88": 1,
      "89": 1,
      "90": 1,
      "91": 1,
      "92": 1,
      "93": 1,
      "95": 1,
      "97": 1,
      "98": 1,
      "99": 1,
      "100": 1,
      "101": 1,
      "102": 1,
      "103": 1,
      "104": 1,
      "105": 1,
      "106": 1,
      "107": 1,
      "108": 1,
      "109": 1,
      "111": 1,
      "112": 1,
      "113": 1,
      "114": 1,
      "116": 1,
      "117": 1,
      "118": 1,
      "119": 1,
      "120": 1,
      "121": 1,
      "122": 1,
      "123": 1,
      "125": 1,
      "126": 1,
      "127": 1,
      "128": 1,
      "129": 1,
      "130": 1,
      "131": 1,
      "132": 1,
      "133": 1,
      "135": 1,
      "136": 1,
      "137": 1,
      "138": 1
    },
    "branchMap": {},
    "b": {},
    "fnMap": {},
    "f": {}
  },
  "/Users/tenman/dev/portfolio/ui/components/charts/bar-chart.vue": {
    "path": "/Users/tenman/dev/portfolio/ui/components/charts/bar-chart.vue",
    "all": false,
    "statementMap": {
      "1": { "start": { "line": 2, "column": 0 }, "end": { "line": 2, "column": 37 } },
      "5": { "start": { "line": 6, "column": 0 }, "end": { "line": 6, "column": 56 } },
      "6": { "start": { "line": 7, "column": 0 }, "end": { "line": 7, "column": 33 } },
      "23": { "start": { "line": 24, "column": 0 }, "end": { "line": 24, "column": 55 } },
      "32": { "start": { "line": 33, "column": 0 }, "end": { "line": 33, "column": 55 } },
      "33": { "start": { "line": 34, "column": 0 }, "end": { "line": 34, "column": 38 } },
      "35": { "start": { "line": 36, "column": 0 }, "end": { "line": 36, "column": 84 } },
      "36": { "start": { "line": 37, "column": 0 }, "end": { "line": 37, "column": 43 } },
      "38": { "start": { "line": 39, "column": 0 }, "end": { "line": 39, "column": 50 } },
      "39": { "start": { "line": 40, "column": 0 }, "end": { "line": 40, "column": 19 } },
      "41": { "start": { "line": 42, "column": 0 }, "end": { "line": 42, "column": 47 } },
      "42": { "start": { "line": 43, "column": 0 }, "end": { "line": 43, "column": 64 } },
      "43": { "start": { "line": 44, "column": 0 }, "end": { "line": 44, "column": 86 } },
      "44": { "start": { "line": 45, "column": 0 }, "end": { "line": 45, "column": 59 } },
      "45": { "start": { "line": 46, "column": 0 }, "end": { "line": 46, "column": 3 } },
      "47": { "start": { "line": 48, "column": 0 }, "end": { "line": 48, "column": 70 } },
      "48": { "start": { "line": 49, "column": 0 }, "end": { "line": 49, "column": 38 } },
      "49": { "start": { "line": 50, "column": 0 }, "end": { "line": 50, "column": 3 } },
      "51": { "start": { "line": 52, "column": 0 }, "end": { "line": 52, "column": 15 } },
      "52": { "start": { "line": 53, "column": 0 }, "end": { "line": 53, "column": 1 } },
      "54": { "start": { "line": 55, "column": 0 }, "end": { "line": 55, "column": 27 } },
      "55": { "start": { "line": 56, "column": 0 }, "end": { "line": 56, "column": 22 } },
      "56": { "start": { "line": 57, "column": 0 }, "end": { "line": 57, "column": 27 } },
      "57": { "start": { "line": 58, "column": 0 }, "end": { "line": 58, "column": 3 } },
      "59": { "start": { "line": 60, "column": 0 }, "end": { "line": 60, "column": 49 } },
      "60": { "start": { "line": 61, "column": 0 }, "end": { "line": 61, "column": 18 } },
      "62": { "start": { "line": 63, "column": 0 }, "end": { "line": 63, "column": 67 } },
      "63": { "start": { "line": 64, "column": 0 }, "end": { "line": 64, "column": 83 } },
      "65": { "start": { "line": 66, "column": 0 }, "end": { "line": 66, "column": 34 } },
      "66": { "start": { "line": 67, "column": 0 }, "end": { "line": 67, "column": 16 } },
      "67": { "start": { "line": 68, "column": 0 }, "end": { "line": 68, "column": 11 } },
      "68": { "start": { "line": 69, "column": 0 }, "end": { "line": 69, "column": 45 } },
      "69": { "start": { "line": 70, "column": 0 }, "end": { "line": 70, "column": 17 } },
      "70": { "start": { "line": 71, "column": 0 }, "end": { "line": 71, "column": 9 } },
      "71": { "start": { "line": 72, "column": 0 }, "end": { "line": 72, "column": 34 } },
      "72": { "start": { "line": 73, "column": 0 }, "end": { "line": 73, "column": 49 } },
      "73": { "start": { "line": 74, "column": 0 }, "end": { "line": 74, "column": 49 } },
      "74": { "start": { "line": 75, "column": 0 }, "end": { "line": 75, "column": 41 } },
      "75": { "start": { "line": 76, "column": 0 }, "end": { "line": 76, "column": 25 } },
      "76": { "start": { "line": 77, "column": 0 }, "end": { "line": 77, "column": 10 } },
      "77": { "start": { "line": 78, "column": 0 }, "end": { "line": 78, "column": 8 } },
      "78": { "start": { "line": 79, "column": 0 }, "end": { "line": 79, "column": 6 } },
      "79": { "start": { "line": 80, "column": 0 }, "end": { "line": 80, "column": 14 } },
      "80": { "start": { "line": 81, "column": 0 }, "end": { "line": 81, "column": 23 } },
      "81": { "start": { "line": 82, "column": 0 }, "end": { "line": 82, "column": 15 } },
      "82": { "start": { "line": 83, "column": 0 }, "end": { "line": 83, "column": 12 } },
      "83": { "start": { "line": 84, "column": 0 }, "end": { "line": 84, "column": 59 } },
      "84": { "start": { "line": 85, "column": 0 }, "end": { "line": 85, "column": 35 } },
      "85": { "start": { "line": 86, "column": 0 }, "end": { "line": 86, "column": 18 } },
      "86": { "start": { "line": 87, "column": 0 }, "end": { "line": 87, "column": 30 } },
      "87": { "start": { "line": 88, "column": 0 }, "end": { "line": 88, "column": 45 } },
      "88": { "start": { "line": 89, "column": 0 }, "end": { "line": 89, "column": 71 } },
      "89": { "start": { "line": 90, "column": 0 }, "end": { "line": 90, "column": 54 } },
      "90": { "start": { "line": 91, "column": 0 }, "end": { "line": 91, "column": 20 } },
      "91": { "start": { "line": 92, "column": 0 }, "end": { "line": 92, "column": 14 } },
      "92": { "start": { "line": 93, "column": 0 }, "end": { "line": 93, "column": 12 } },
      "93": { "start": { "line": 94, "column": 0 }, "end": { "line": 94, "column": 10 } },
      "94": { "start": { "line": 95, "column": 0 }, "end": { "line": 95, "column": 12 } },
      "95": { "start": { "line": 96, "column": 0 }, "end": { "line": 96, "column": 59 } },
      "96": { "start": { "line": 97, "column": 0 }, "end": { "line": 97, "column": 18 } },
      "97": { "start": { "line": 98, "column": 0 }, "end": { "line": 98, "column": 66 } },
      "98": { "start": { "line": 99, "column": 0 }, "end": { "line": 99, "column": 29 } },
      "99": { "start": { "line": 100, "column": 0 }, "end": { "line": 100, "column": 12 } },
      "100": { "start": { "line": 101, "column": 0 }, "end": { "line": 101, "column": 10 } },
      "101": { "start": { "line": 102, "column": 0 }, "end": { "line": 102, "column": 8 } },
      "102": { "start": { "line": 103, "column": 0 }, "end": { "line": 103, "column": 16 } },
      "103": { "start": { "line": 104, "column": 0 }, "end": { "line": 104, "column": 72 } },
      "104": { "start": { "line": 105, "column": 0 }, "end": { "line": 105, "column": 35 } },
      "105": { "start": { "line": 106, "column": 0 }, "end": { "line": 106, "column": 18 } },
      "106": { "start": { "line": 107, "column": 0 }, "end": { "line": 107, "column": 22 } },
      "107": { "start": { "line": 108, "column": 0 }, "end": { "line": 108, "column": 85 } },
      "108": { "start": { "line": 109, "column": 0 }, "end": { "line": 109, "column": 12 } },
      "109": { "start": { "line": 110, "column": 0 }, "end": { "line": 110, "column": 10 } },
      "110": { "start": { "line": 111, "column": 0 }, "end": { "line": 111, "column": 8 } },
      "111": { "start": { "line": 112, "column": 0 }, "end": { "line": 112, "column": 6 } },
      "112": { "start": { "line": 113, "column": 0 }, "end": { "line": 113, "column": 4 } },
      "113": { "start": { "line": 114, "column": 0 }, "end": { "line": 114, "column": 1 } },
      "115": { "start": { "line": 116, "column": 0 }, "end": { "line": 116, "column": 52 } },
      "117": { "start": { "line": 118, "column": 0 }, "end": { "line": 118, "column": 17 } },
      "118": { "start": { "line": 119, "column": 0 }, "end": { "line": 119, "column": 15 } },
      "119": { "start": { "line": 120, "column": 0 }, "end": { "line": 120, "column": 2 } },
      "121": { "start": { "line": 122, "column": 0 }, "end": { "line": 122, "column": 19 } },
      "122": { "start": { "line": 123, "column": 0 }, "end": { "line": 123, "column": 22 } },
      "123": { "start": { "line": 124, "column": 0 }, "end": { "line": 124, "column": 27 } },
      "124": { "start": { "line": 125, "column": 0 }, "end": { "line": 125, "column": 3 } },
      "125": { "start": { "line": 126, "column": 0 }, "end": { "line": 126, "column": 2 } }
    },
    "s": {
      "1": 1,
      "5": 1,
      "6": 1,
      "23": 1,
      "32": 1,
      "33": 1,
      "35": 1,
      "36": 1,
      "38": 1,
      "39": 1,
      "41": 1,
      "42": 1,
      "43": 1,
      "44": 1,
      "45": 1,
      "47": 1,
      "48": 1,
      "49": 1,
      "51": 1,
      "52": 1,
      "54": 1,
      "55": 1,
      "56": 1,
      "57": 1,
      "59": 1,
      "60": 1,
      "62": 1,
      "63": 1,
      "65": 1,
      "66": 1,
      "67": 1,
      "68": 1,
      "69": 1,
      "70": 1,
      "71": 1,
      "72": 1,
      "73": 1,
      "74": 1,
      "75": 1,
      "76": 1,
      "77": 1,
      "78": 1,
      "79": 1,
      "80": 1,
      "81": 1,
      "82": 1,
      "83": 1,
      "84": 1,
      "85": 1,
      "86": 1,
      "87": 1,
      "88": 1,
      "89": 1,
      "90": 1,
      "91": 1,
      "92": 1,
      "93": 1,
      "94": 1,
      "95": 1,
      "96": 1,
      "97": 1,
      "98": 1,
      "99": 1,
      "100": 1,
      "101": 1,
      "102": 1,
      "103": 1,
      "104": 1,
      "105": 1,
      "106": 1,
      "107": 1,
      "108": 1,
      "109": 1,
      "110": 1,
      "111": 1,
      "112": 1,
      "113": 1,
      "115": 1,
      "117": 1,
      "118": 1,
      "119": 1,
      "121": 1,
      "122": 1,
      "123": 1,
      "124": 1,
      "125": 1
    },
    "branchMap": {},
    "b": {},
    "fnMap": {},
    "f": {}
  },
  "/Users/tenman/dev/portfolio/ui/components/charts/line-chart.vue": {
    "path": "/Users/tenman/dev/portfolio/ui/components/charts/line-chart.vue",
    "all": false,
    "statementMap": {
      "1": { "start": { "line": 2, "column": 0 }, "end": { "line": 2, "column": 37 } },
      "5": { "start": { "line": 6, "column": 0 }, "end": { "line": 6, "column": 56 } },
      "6": { "start": { "line": 7, "column": 0 }, "end": { "line": 7, "column": 33 } },
      "7": { "start": { "line": 8, "column": 0 }, "end": { "line": 8, "column": 55 } },
      "18": { "start": { "line": 19, "column": 0 }, "end": { "line": 19, "column": 55 } },
      "26": { "start": { "line": 27, "column": 0 }, "end": { "line": 27, "column": 55 } },
      "27": { "start": { "line": 28, "column": 0 }, "end": { "line": 28, "column": 38 } },
      "29": { "start": { "line": 30, "column": 0 }, "end": { "line": 30, "column": 27 } },
      "30": { "start": { "line": 31, "column": 0 }, "end": { "line": 31, "column": 22 } },
      "31": { "start": { "line": 32, "column": 0 }, "end": { "line": 32, "column": 27 } },
      "32": { "start": { "line": 33, "column": 0 }, "end": { "line": 33, "column": 3 } },
      "34": { "start": { "line": 35, "column": 0 }, "end": { "line": 35, "column": 49 } },
      "35": { "start": { "line": 36, "column": 0 }, "end": { "line": 36, "column": 18 } },
      "37": { "start": { "line": 38, "column": 0 }, "end": { "line": 38, "column": 34 } },
      "38": { "start": { "line": 39, "column": 0 }, "end": { "line": 39, "column": 17 } },
      "39": { "start": { "line": 40, "column": 0 }, "end": { "line": 40, "column": 11 } },
      "40": { "start": { "line": 41, "column": 0 }, "end": { "line": 41, "column": 73 } },
      "41": { "start": { "line": 42, "column": 0 }, "end": { "line": 42, "column": 17 } },
      "42": { "start": { "line": 43, "column": 0 }, "end": { "line": 43, "column": 9 } },
      "43": { "start": { "line": 44, "column": 0 }, "end": { "line": 44, "column": 34 } },
      "44": { "start": { "line": 45, "column": 0 }, "end": { "line": 45, "column": 27 } },
      "45": { "start": { "line": 46, "column": 0 }, "end": { "line": 46, "column": 41 } },
      "46": { "start": { "line": 47, "column": 0 }, "end": { "line": 47, "column": 49 } },
      "47": { "start": { "line": 48, "column": 0 }, "end": { "line": 48, "column": 25 } },
      "48": { "start": { "line": 49, "column": 0 }, "end": { "line": 49, "column": 22 } },
      "49": { "start": { "line": 50, "column": 0 }, "end": { "line": 50, "column": 10 } },
      "50": { "start": { "line": 51, "column": 0 }, "end": { "line": 51, "column": 8 } },
      "51": { "start": { "line": 52, "column": 0 }, "end": { "line": 52, "column": 6 } },
      "52": { "start": { "line": 53, "column": 0 }, "end": { "line": 53, "column": 14 } },
      "53": { "start": { "line": 54, "column": 0 }, "end": { "line": 54, "column": 23 } },
      "54": { "start": { "line": 55, "column": 0 }, "end": { "line": 55, "column": 15 } },
      "55": { "start": { "line": 56, "column": 0 }, "end": { "line": 56, "column": 12 } },
      "56": { "start": { "line": 57, "column": 0 }, "end": { "line": 57, "column": 59 } },
      "57": { "start": { "line": 58, "column": 0 }, "end": { "line": 58, "column": 35 } },
      "58": { "start": { "line": 59, "column": 0 }, "end": { "line": 59, "column": 10 } },
      "59": { "start": { "line": 60, "column": 0 }, "end": { "line": 60, "column": 12 } },
      "60": { "start": { "line": 61, "column": 0 }, "end": { "line": 61, "column": 59 } },
      "61": { "start": { "line": 62, "column": 0 }, "end": { "line": 62, "column": 18 } },
      "62": { "start": { "line": 63, "column": 0 }, "end": { "line": 63, "column": 30 } },
      "63": { "start": { "line": 64, "column": 0 }, "end": { "line": 64, "column": 87 } },
      "64": { "start": { "line": 65, "column": 0 }, "end": { "line": 65, "column": 12 } },
      "65": { "start": { "line": 66, "column": 0 }, "end": { "line": 66, "column": 10 } },
      "66": { "start": { "line": 67, "column": 0 }, "end": { "line": 67, "column": 8 } },
      "67": { "start": { "line": 68, "column": 0 }, "end": { "line": 68, "column": 16 } },
      "68": { "start": { "line": 69, "column": 0 }, "end": { "line": 69, "column": 72 } },
      "69": { "start": { "line": 70, "column": 0 }, "end": { "line": 70, "column": 35 } },
      "70": { "start": { "line": 71, "column": 0 }, "end": { "line": 71, "column": 8 } },
      "71": { "start": { "line": 72, "column": 0 }, "end": { "line": 72, "column": 6 } },
      "72": { "start": { "line": 73, "column": 0 }, "end": { "line": 73, "column": 4 } },
      "73": { "start": { "line": 74, "column": 0 }, "end": { "line": 74, "column": 1 } },
      "75": { "start": { "line": 76, "column": 0 }, "end": { "line": 76, "column": 52 } },
      "77": { "start": { "line": 78, "column": 0 }, "end": { "line": 78, "column": 17 } },
      "78": { "start": { "line": 79, "column": 0 }, "end": { "line": 79, "column": 15 } },
      "79": { "start": { "line": 80, "column": 0 }, "end": { "line": 80, "column": 2 } },
      "81": { "start": { "line": 82, "column": 0 }, "end": { "line": 82, "column": 19 } },
      "82": { "start": { "line": 83, "column": 0 }, "end": { "line": 83, "column": 22 } },
      "83": { "start": { "line": 84, "column": 0 }, "end": { "line": 84, "column": 27 } },
      "84": { "start": { "line": 85, "column": 0 }, "end": { "line": 85, "column": 3 } },
      "85": { "start": { "line": 86, "column": 0 }, "end": { "line": 86, "column": 2 } }
    },
    "s": {
      "1": 1,
      "5": 1,
      "6": 1,
      "7": 1,
      "18": 1,
      "26": 1,
      "27": 1,
      "29": 1,
      "30": 1,
      "31": 1,
      "32": 1,
      "34": 1,
      "35": 1,
      "37": 1,
      "38": 1,
      "39": 1,
      "40": 1,
      "41": 1,
      "42": 1,
      "43": 1,
      "44": 1,
      "45": 1,
      "46": 1,
      "47": 1,
      "48": 1,
      "49": 1,
      "50": 1,
      "51": 1,
      "52": 1,
      "53": 1,
      "54": 1,
      "55": 1,
      "56": 1,
      "57": 1,
      "58": 1,
      "59": 1,
      "60": 1,
      "61": 1,
      "62": 1,
      "63": 1,
      "64": 1,
      "65": 1,
      "66": 1,
      "67": 1,
      "68": 1,
      "69": 1,
      "70": 1,
      "71": 1,
      "72": 1,
      "73": 1,
      "75": 1,
      "77": 1,
      "78": 1,
      "79": 1,
      "81": 1,
      "82": 1,
      "83": 1,
      "84": 1,
      "85": 1
    },
    "branchMap": {},
    "b": {},
    "fnMap": {},
    "f": {}
  },
  "/Users/tenman/dev/portfolio/ui/components/instruments/instrument-form.vue": {
    "path": "/Users/tenman/dev/portfolio/ui/components/instruments/instrument-form.vue",
    "all": false,
    "statementMap": {
      "1": { "start": { "line": 2, "column": 0 }, "end": { "line": 2, "column": 59 } },
      "2": { "start": { "line": 3, "column": 0 }, "end": { "line": 3, "column": 14 } },
      "3": { "start": { "line": 4, "column": 0 }, "end": { "line": 4, "column": 31 } },
      "4": { "start": { "line": 5, "column": 0 }, "end": { "line": 5, "column": 20 } },
      "5": { "start": { "line": 6, "column": 0 }, "end": { "line": 6, "column": 43 } },
      "6": { "start": { "line": 7, "column": 0 }, "end": { "line": 7, "column": 14 } },
      "7": { "start": { "line": 8, "column": 0 }, "end": { "line": 8, "column": 6 } },
      "8": { "start": { "line": 9, "column": 0 }, "end": { "line": 9, "column": 99 } },
      "9": { "start": { "line": 10, "column": 0 }, "end": { "line": 10, "column": 14 } },
      "10": { "start": { "line": 11, "column": 0 }, "end": { "line": 11, "column": 37 } },
      "11": { "start": { "line": 12, "column": 0 }, "end": { "line": 12, "column": 27 } },
      "12": { "start": { "line": 13, "column": 0 }, "end": { "line": 13, "column": 19 } },
      "13": { "start": { "line": 14, "column": 0 }, "end": { "line": 14, "column": 32 } },
      "14": { "start": { "line": 15, "column": 0 }, "end": { "line": 15, "column": 40 } },
      "15": { "start": { "line": 16, "column": 0 }, "end": { "line": 16, "column": 14 } },
      "16": { "start": { "line": 17, "column": 0 }, "end": { "line": 17, "column": 6 } },
      "17": { "start": { "line": 18, "column": 0 }, "end": { "line": 18, "column": 14 } },
      "18": { "start": { "line": 19, "column": 0 }, "end": { "line": 19, "column": 33 } },
      "19": { "start": { "line": 20, "column": 0 }, "end": { "line": 20, "column": 22 } },
      "20": { "start": { "line": 21, "column": 0 }, "end": { "line": 21, "column": 19 } },
      "21": { "start": { "line": 22, "column": 0 }, "end": { "line": 22, "column": 32 } },
      "22": { "start": { "line": 23, "column": 0 }, "end": { "line": 23, "column": 46 } },
      "23": { "start": { "line": 24, "column": 0 }, "end": { "line": 24, "column": 14 } },
      "24": { "start": { "line": 25, "column": 0 }, "end": { "line": 25, "column": 6 } },
      "25": { "start": { "line": 26, "column": 0 }, "end": { "line": 26, "column": 14 } },
      "26": { "start": { "line": 27, "column": 0 }, "end": { "line": 27, "column": 37 } },
      "27": { "start": { "line": 28, "column": 0 }, "end": { "line": 28, "column": 22 } },
      "28": { "start": { "line": 29, "column": 0 }, "end": { "line": 29, "column": 19 } },
      "29": { "start": { "line": 30, "column": 0 }, "end": { "line": 30, "column": 32 } },
      "30": { "start": { "line": 31, "column": 0 }, "end": { "line": 31, "column": 35 } },
      "31": { "start": { "line": 32, "column": 0 }, "end": { "line": 32, "column": 14 } },
      "32": { "start": { "line": 33, "column": 0 }, "end": { "line": 33, "column": 6 } },
      "33": { "start": { "line": 34, "column": 0 }, "end": { "line": 34, "column": 9 } },
      "37": { "start": { "line": 38, "column": 0 }, "end": { "line": 38, "column": 47 } },
      "39": { "start": { "line": 40, "column": 0 }, "end": { "line": 40, "column": 57 } },
      "40": { "start": { "line": 41, "column": 0 }, "end": { "line": 41, "column": 63 } },
      "41": { "start": { "line": 42, "column": 0 }, "end": { "line": 42, "column": 48 } },
      "47": { "start": { "line": 48, "column": 0 }, "end": { "line": 48, "column": 50 } },
      "51": { "start": { "line": 52, "column": 0 }, "end": { "line": 52, "column": 26 } },
      "55": { "start": { "line": 56, "column": 0 }, "end": { "line": 56, "column": 72 } },
      "57": { "start": { "line": 58, "column": 0 }, "end": { "line": 58, "column": 38 } },
      "58": { "start": { "line": 59, "column": 0 }, "end": { "line": 59, "column": 72 } },
      "59": { "start": { "line": 60, "column": 0 }, "end": { "line": 60, "column": 1 } },
      "61": { "start": { "line": 62, "column": 0 }, "end": { "line": 62, "column": 6 } },
      "62": { "start": { "line": 63, "column": 0 }, "end": { "line": 63, "column": 26 } },
      "63": { "start": { "line": 64, "column": 0 }, "end": { "line": 64, "column": 14 } },
      "64": { "start": { "line": 65, "column": 0 }, "end": { "line": 65, "column": 36 } },
      "65": { "start": { "line": 66, "column": 0 }, "end": { "line": 66, "column": 4 } },
      "66": { "start": { "line": 67, "column": 0 }, "end": { "line": 67, "column": 16 } },
      "67": { "start": { "line": 68, "column": 0 }, "end": { "line": 68, "column": 1 } },
      "69": { "start": { "line": 70, "column": 0 }, "end": { "line": 70, "column": 28 } },
      "70": { "start": { "line": 71, "column": 0 }, "end": { "line": 71, "column": 26 } },
      "71": { "start": { "line": 72, "column": 0 }, "end": { "line": 72, "column": 1 } }
    },
    "s": {
      "1": 1,
      "2": 1,
      "3": 1,
      "4": 1,
      "5": 1,
      "6": 1,
      "7": 1,
      "8": 1,
      "9": 1,
      "10": 1,
      "11": 1,
      "12": 1,
      "13": 1,
      "14": 1,
      "15": 1,
      "16": 1,
      "17": 1,
      "18": 1,
      "19": 1,
      "20": 1,
      "21": 1,
      "22": 1,
      "23": 1,
      "24": 1,
      "25": 1,
      "26": 1,
      "27": 1,
      "28": 1,
      "29": 1,
      "30": 1,
      "31": 1,
      "32": 1,
      "33": 1,
      "37": 1,
      "39": 1,
      "40": 1,
      "41": 1,
      "47": 1,
      "51": 1,
      "55": 1,
      "57": 1,
      "58": 24,
      "59": 1,
      "61": 1,
      "62": 1,
      "63": 1,
      "64": 13,
      "65": 13,
      "66": 1,
      "67": 1,
      "69": 1,
      "70": 4,
      "71": 4
    },
    "branchMap": {
      "0": {
        "type": "branch",
        "line": 58,
        "loc": { "start": { "line": 58, "column": 33 }, "end": { "line": 59, "column": 72 } },
        "locations": [
          { "start": { "line": 58, "column": 33 }, "end": { "line": 59, "column": 72 } }
        ]
      },
      "1": {
        "type": "branch",
        "line": 59,
        "loc": { "start": { "line": 59, "column": 35 }, "end": { "line": 59, "column": 71 } },
        "locations": [
          { "start": { "line": 59, "column": 35 }, "end": { "line": 59, "column": 71 } }
        ]
      },
      "2": {
        "type": "branch",
        "line": 63,
        "loc": { "start": { "line": 63, "column": 2 }, "end": { "line": 63, "column": 26 } },
        "locations": [{ "start": { "line": 63, "column": 2 }, "end": { "line": 63, "column": 26 } }]
      },
      "3": {
        "type": "branch",
        "line": 64,
        "loc": { "start": { "line": 64, "column": 2 }, "end": { "line": 66, "column": 4 } },
        "locations": [{ "start": { "line": 64, "column": 2 }, "end": { "line": 66, "column": 4 } }]
      },
      "4": {
        "type": "branch",
        "line": 70,
        "loc": { "start": { "line": 70, "column": 21 }, "end": { "line": 72, "column": 1 } },
        "locations": [{ "start": { "line": 70, "column": 21 }, "end": { "line": 72, "column": 1 } }]
      },
      "5": {
        "type": "branch",
        "line": 4,
        "loc": { "start": { "line": 4, "column": 24 }, "end": { "line": 4, "column": 31 } },
        "locations": [{ "start": { "line": 4, "column": 24 }, "end": { "line": 4, "column": 31 } }]
      },
      "6": {
        "type": "branch",
        "line": 9,
        "loc": { "start": { "line": 9, "column": 33 }, "end": { "line": 9, "column": 39 } },
        "locations": [{ "start": { "line": 9, "column": 33 }, "end": { "line": 9, "column": 39 } }]
      },
      "7": {
        "type": "branch",
        "line": 11,
        "loc": { "start": { "line": 11, "column": 24 }, "end": { "line": 11, "column": 37 } },
        "locations": [
          { "start": { "line": 11, "column": 24 }, "end": { "line": 11, "column": 37 } }
        ]
      },
      "8": {
        "type": "branch",
        "line": 19,
        "loc": { "start": { "line": 19, "column": 24 }, "end": { "line": 19, "column": 33 } },
        "locations": [
          { "start": { "line": 19, "column": 24 }, "end": { "line": 19, "column": 33 } }
        ]
      },
      "9": {
        "type": "branch",
        "line": 27,
        "loc": { "start": { "line": 27, "column": 24 }, "end": { "line": 27, "column": 37 } },
        "locations": [
          { "start": { "line": 27, "column": 24 }, "end": { "line": 27, "column": 37 } }
        ]
      },
      "10": {
        "type": "branch",
        "line": 4,
        "loc": { "start": { "line": 4, "column": 24 }, "end": { "line": 4, "column": 31 } },
        "locations": [{ "start": { "line": 4, "column": 24 }, "end": { "line": 4, "column": 31 } }]
      },
      "11": {
        "type": "branch",
        "line": 9,
        "loc": { "start": { "line": 9, "column": 33 }, "end": { "line": 9, "column": 39 } },
        "locations": [{ "start": { "line": 9, "column": 33 }, "end": { "line": 9, "column": 39 } }]
      },
      "12": {
        "type": "branch",
        "line": 11,
        "loc": { "start": { "line": 11, "column": 24 }, "end": { "line": 11, "column": 37 } },
        "locations": [
          { "start": { "line": 11, "column": 24 }, "end": { "line": 11, "column": 37 } }
        ]
      },
      "13": {
        "type": "branch",
        "line": 19,
        "loc": { "start": { "line": 19, "column": 24 }, "end": { "line": 19, "column": 33 } },
        "locations": [
          { "start": { "line": 19, "column": 24 }, "end": { "line": 19, "column": 33 } }
        ]
      },
      "14": {
        "type": "branch",
        "line": 27,
        "loc": { "start": { "line": 27, "column": 24 }, "end": { "line": 27, "column": 37 } },
        "locations": [
          { "start": { "line": 27, "column": 24 }, "end": { "line": 27, "column": 37 } }
        ]
      }
    },
    "b": {
      "0": [24],
      "1": [72],
      "2": [37],
      "3": [13],
      "4": [4],
      "5": [24],
      "6": [24],
      "7": [24],
      "8": [24],
      "9": [24],
      "10": [2],
      "11": [2],
      "12": [1],
      "13": [1],
      "14": [1]
    },
    "fnMap": {
      "0": {
        "name": "deep",
        "decl": { "start": { "line": 64, "column": 2 }, "end": { "line": 66, "column": 4 } },
        "loc": { "start": { "line": 64, "column": 2 }, "end": { "line": 66, "column": 4 } },
        "line": 64
      },
      "1": {
        "name": "handleSubmit",
        "decl": { "start": { "line": 70, "column": 21 }, "end": { "line": 72, "column": 1 } },
        "loc": { "start": { "line": 70, "column": 21 }, "end": { "line": 72, "column": 1 } },
        "line": 70
      },
      "2": {
        "name": "onUpdate:modelValue._cache.<computed>._cache.<computed>",
        "decl": { "start": { "line": 4, "column": 24 }, "end": { "line": 4, "column": 31 } },
        "loc": { "start": { "line": 4, "column": 24 }, "end": { "line": 4, "column": 31 } },
        "line": 4
      },
      "3": {
        "name": "onUpdate:modelValue._cache.<computed>._cache.<computed>",
        "decl": { "start": { "line": 9, "column": 33 }, "end": { "line": 9, "column": 39 } },
        "loc": { "start": { "line": 9, "column": 33 }, "end": { "line": 9, "column": 39 } },
        "line": 9
      },
      "4": {
        "name": "onUpdate:modelValue._cache.<computed>._cache.<computed>",
        "decl": { "start": { "line": 11, "column": 24 }, "end": { "line": 11, "column": 37 } },
        "loc": { "start": { "line": 11, "column": 24 }, "end": { "line": 11, "column": 37 } },
        "line": 11
      },
      "5": {
        "name": "onUpdate:modelValue._cache.<computed>._cache.<computed>",
        "decl": { "start": { "line": 19, "column": 24 }, "end": { "line": 19, "column": 33 } },
        "loc": { "start": { "line": 19, "column": 24 }, "end": { "line": 19, "column": 33 } },
        "line": 19
      },
      "6": {
        "name": "onUpdate:modelValue._cache.<computed>._cache.<computed>",
        "decl": { "start": { "line": 27, "column": 24 }, "end": { "line": 27, "column": 37 } },
        "loc": { "start": { "line": 27, "column": 24 }, "end": { "line": 27, "column": 37 } },
        "line": 27
      }
    },
    "f": { "0": 13, "1": 4, "2": 2, "3": 2, "4": 1, "5": 1, "6": 1 }
  },
  "/Users/tenman/dev/portfolio/ui/components/instruments/instrument-modal.vue": {
    "path": "/Users/tenman/dev/portfolio/ui/components/instruments/instrument-modal.vue",
    "all": false,
    "statementMap": {
      "1": { "start": { "line": 2, "column": 0 }, "end": { "line": 2, "column": 6 } },
      "2": { "start": { "line": 3, "column": 0 }, "end": { "line": 3, "column": 22 } },
      "3": { "start": { "line": 4, "column": 0 }, "end": { "line": 4, "column": 17 } },
      "4": { "start": { "line": 5, "column": 0 }, "end": { "line": 5, "column": 17 } },
      "5": { "start": { "line": 6, "column": 0 }, "end": { "line": 6, "column": 40 } },
      "6": { "start": { "line": 7, "column": 0 }, "end": { "line": 7, "column": 22 } },
      "8": { "start": { "line": 9, "column": 0 }, "end": { "line": 9, "column": 30 } },
      "9": { "start": { "line": 10, "column": 0 }, "end": { "line": 10, "column": 33 } },
      "10": { "start": { "line": 11, "column": 0 }, "end": { "line": 11, "column": 34 } },
      "11": { "start": { "line": 12, "column": 0 }, "end": { "line": 12, "column": 58 } },
      "12": { "start": { "line": 13, "column": 0 }, "end": { "line": 13, "column": 70 } },
      "13": { "start": { "line": 14, "column": 0 }, "end": { "line": 14, "column": 15 } },
      "14": { "start": { "line": 15, "column": 0 }, "end": { "line": 15, "column": 17 } },
      "15": { "start": { "line": 16, "column": 0 }, "end": { "line": 16, "column": 25 } },
      "16": { "start": { "line": 17, "column": 0 }, "end": { "line": 17, "column": 29 } },
      "17": { "start": { "line": 18, "column": 0 }, "end": { "line": 18, "column": 35 } },
      "18": { "start": { "line": 19, "column": 0 }, "end": { "line": 19, "column": 30 } },
      "19": { "start": { "line": 20, "column": 0 }, "end": { "line": 20, "column": 20 } },
      "20": { "start": { "line": 21, "column": 0 }, "end": { "line": 21, "column": 14 } },
      "21": { "start": { "line": 22, "column": 0 }, "end": { "line": 22, "column": 32 } },
      "22": { "start": { "line": 23, "column": 0 }, "end": { "line": 23, "column": 77 } },
      "23": { "start": { "line": 24, "column": 0 }, "end": { "line": 24, "column": 14 } },
      "24": { "start": { "line": 25, "column": 0 }, "end": { "line": 25, "column": 34 } },
      "25": { "start": { "line": 26, "column": 0 }, "end": { "line": 26, "column": 97 } },
      "26": { "start": { "line": 27, "column": 0 }, "end": { "line": 27, "column": 78 } },
      "27": { "start": { "line": 28, "column": 0 }, "end": { "line": 28, "column": 58 } },
      "28": { "start": { "line": 29, "column": 0 }, "end": { "line": 29, "column": 19 } },
      "29": { "start": { "line": 30, "column": 0 }, "end": { "line": 30, "column": 14 } },
      "30": { "start": { "line": 31, "column": 0 }, "end": { "line": 31, "column": 12 } },
      "31": { "start": { "line": 32, "column": 0 }, "end": { "line": 32, "column": 10 } },
      "32": { "start": { "line": 33, "column": 0 }, "end": { "line": 33, "column": 8 } },
      "36": { "start": { "line": 37, "column": 0 }, "end": { "line": 37, "column": 30 } },
      "37": { "start": { "line": 38, "column": 0 }, "end": { "line": 38, "column": 50 } },
      "45": { "start": { "line": 46, "column": 0 }, "end": { "line": 46, "column": 50 } },
      "50": { "start": { "line": 51, "column": 0 }, "end": { "line": 51, "column": 26 } },
      "54": { "start": { "line": 55, "column": 0 }, "end": { "line": 55, "column": 56 } },
      "56": { "start": { "line": 57, "column": 0 }, "end": { "line": 57, "column": 51 } },
      "57": { "start": { "line": 58, "column": 0 }, "end": { "line": 58, "column": 20 } },
      "58": { "start": { "line": 59, "column": 0 }, "end": { "line": 59, "column": 1 } }
    },
    "s": {
      "1": 1,
      "2": 1,
      "3": 1,
      "4": 1,
      "5": 1,
      "6": 1,
      "8": 1,
      "9": 1,
      "10": 1,
      "11": 1,
      "12": 1,
      "13": 1,
      "14": 1,
      "15": 1,
      "16": 1,
      "17": 1,
      "18": 1,
      "19": 1,
      "20": 1,
      "21": 1,
      "22": 1,
      "23": 1,
      "24": 1,
      "25": 1,
      "26": 1,
      "27": 1,
      "28": 1,
      "29": 1,
      "30": 1,
      "31": 1,
      "32": 1,
      "36": 1,
      "37": 1,
      "45": 1,
      "50": 1,
      "54": 1,
      "56": 1,
      "57": 0,
      "58": 0
    },
    "branchMap": {
      "0": {
        "type": "branch",
        "line": 55,
        "loc": { "start": { "line": 55, "column": 27 }, "end": { "line": 55, "column": 55 } },
        "locations": [
          { "start": { "line": 55, "column": 27 }, "end": { "line": 55, "column": 55 } }
        ]
      },
      "1": {
        "type": "branch",
        "line": 13,
        "loc": { "start": { "line": 13, "column": 15 }, "end": { "line": 13, "column": 70 } },
        "locations": [
          { "start": { "line": 13, "column": 15 }, "end": { "line": 13, "column": 70 } }
        ]
      },
      "2": {
        "type": "branch",
        "line": 28,
        "loc": { "start": { "line": 28, "column": 15 }, "end": { "line": 28, "column": 47 } },
        "locations": [
          { "start": { "line": 28, "column": 15 }, "end": { "line": 28, "column": 47 } }
        ]
      }
    },
    "b": { "0": [25], "1": [0], "2": [0] },
    "fnMap": {
      "0": {
        "name": "handleSave",
        "decl": { "start": { "line": 57, "column": 19 }, "end": { "line": 59, "column": 1 } },
        "loc": { "start": { "line": 57, "column": 19 }, "end": { "line": 59, "column": 1 } },
        "line": 57
      }
    },
    "f": { "0": 0 }
  },
  "/Users/tenman/dev/portfolio/ui/components/instruments/instrument-table.vue": {
    "path": "/Users/tenman/dev/portfolio/ui/components/instruments/instrument-table.vue",
    "all": false,
    "statementMap": {
      "1": { "start": { "line": 2, "column": 0 }, "end": { "line": 2, "column": 13 } },
      "2": { "start": { "line": 3, "column": 0 }, "end": { "line": 3, "column": 24 } },
      "3": { "start": { "line": 4, "column": 0 }, "end": { "line": 4, "column": 22 } },
      "4": { "start": { "line": 5, "column": 0 }, "end": { "line": 5, "column": 27 } },
      "5": { "start": { "line": 6, "column": 0 }, "end": { "line": 6, "column": 23 } },
      "6": { "start": { "line": 7, "column": 0 }, "end": { "line": 7, "column": 33 } },
      "7": { "start": { "line": 8, "column": 0 }, "end": { "line": 8, "column": 78 } },
      "9": { "start": { "line": 10, "column": 0 }, "end": { "line": 10, "column": 42 } },
      "10": { "start": { "line": 11, "column": 0 }, "end": { "line": 11, "column": 35 } },
      "11": { "start": { "line": 12, "column": 0 }, "end": { "line": 12, "column": 62 } },
      "12": { "start": { "line": 13, "column": 0 }, "end": { "line": 13, "column": 59 } },
      "13": { "start": { "line": 14, "column": 0 }, "end": { "line": 14, "column": 12 } },
      "16": { "start": { "line": 17, "column": 0 }, "end": { "line": 17, "column": 36 } },
      "17": { "start": { "line": 18, "column": 0 }, "end": { "line": 18, "column": 45 } },
      "20": { "start": { "line": 21, "column": 0 }, "end": { "line": 21, "column": 38 } },
      "21": { "start": { "line": 22, "column": 0 }, "end": { "line": 22, "column": 49 } },
      "22": { "start": { "line": 23, "column": 0 }, "end": { "line": 23, "column": 43 } },
      "23": { "start": { "line": 24, "column": 0 }, "end": { "line": 24, "column": 13 } },
      "26": { "start": { "line": 27, "column": 0 }, "end": { "line": 27, "column": 34 } },
      "27": { "start": { "line": 28, "column": 0 }, "end": { "line": 28, "column": 76 } },
      "28": { "start": { "line": 29, "column": 0 }, "end": { "line": 29, "column": 59 } },
      "29": { "start": { "line": 30, "column": 0 }, "end": { "line": 30, "column": 52 } },
      "30": { "start": { "line": 31, "column": 0 }, "end": { "line": 31, "column": 15 } },
      "32": { "start": { "line": 33, "column": 0 }, "end": { "line": 33, "column": 15 } },
      "36": { "start": { "line": 37, "column": 0 }, "end": { "line": 37, "column": 48 } },
      "37": { "start": { "line": 38, "column": 0 }, "end": { "line": 38, "column": 46 } },
      "39": { "start": { "line": 40, "column": 0 }, "end": { "line": 40, "column": 48 } },
      "40": { "start": { "line": 41, "column": 0 }, "end": { "line": 41, "column": 73 } },
      "58": { "start": { "line": 59, "column": 0 }, "end": { "line": 59, "column": 33 } }
    },
    "s": {
      "1": 1,
      "2": 1,
      "3": 1,
      "4": 1,
      "5": 1,
      "6": 1,
      "7": 1,
      "9": 1,
      "10": 1,
      "11": 1,
      "12": 1,
      "13": 1,
      "16": 1,
      "17": 1,
      "20": 1,
      "21": 1,
      "22": 22,
      "23": 1,
      "26": 1,
      "27": 1,
      "28": 1,
      "29": 1,
      "30": 1,
      "32": 1,
      "36": 1,
      "37": 1,
      "39": 1,
      "40": 1,
      "58": 1
    },
    "branchMap": {
      "0": {
        "type": "branch",
        "line": 18,
        "loc": { "start": { "line": 18, "column": 6 }, "end": { "line": 18, "column": 45 } },
        "locations": [{ "start": { "line": 18, "column": 6 }, "end": { "line": 18, "column": 45 } }]
      },
      "1": {
        "type": "branch",
        "line": 18,
        "loc": { "start": { "line": 18, "column": 14 }, "end": { "line": 18, "column": 35 } },
        "locations": [
          { "start": { "line": 18, "column": 14 }, "end": { "line": 18, "column": 35 } }
        ]
      },
      "2": {
        "type": "branch",
        "line": 18,
        "loc": { "start": { "line": 18, "column": 27 }, "end": { "line": 18, "column": 45 } },
        "locations": [
          { "start": { "line": 18, "column": 27 }, "end": { "line": 18, "column": 45 } }
        ]
      },
      "3": {
        "type": "branch",
        "line": 22,
        "loc": { "start": { "line": 22, "column": 6 }, "end": { "line": 23, "column": 43 } },
        "locations": [{ "start": { "line": 22, "column": 6 }, "end": { "line": 23, "column": 43 } }]
      },
      "4": {
        "type": "branch",
        "line": 30,
        "loc": { "start": { "line": 30, "column": 8 }, "end": { "line": 30, "column": 52 } },
        "locations": [{ "start": { "line": 30, "column": 8 }, "end": { "line": 30, "column": 52 } }]
      }
    },
    "b": { "0": [22], "1": [0], "2": [0], "3": [22], "4": [11] },
    "fnMap": {
      "0": {
        "name": "onClick",
        "decl": { "start": { "line": 28, "column": 53 }, "end": { "line": 28, "column": 76 } },
        "loc": { "start": { "line": 28, "column": 53 }, "end": { "line": 28, "column": 76 } },
        "line": 28
      }
    },
    "f": { "0": 0 }
  },
  "/Users/tenman/dev/portfolio/ui/components/instruments/instruments-view.vue": {
    "path": "/Users/tenman/dev/portfolio/ui/components/instruments/instruments-view.vue",
    "all": false,
    "statementMap": {
      "1": { "start": { "line": 2, "column": 0 }, "end": { "line": 2, "column": 14 } },
      "2": { "start": { "line": 3, "column": 0 }, "end": { "line": 3, "column": 36 } },
      "3": { "start": { "line": 4, "column": 0 }, "end": { "line": 4, "column": 40 } },
      "4": { "start": { "line": 5, "column": 0 }, "end": { "line": 5, "column": 23 } },
      "5": { "start": { "line": 6, "column": 0 }, "end": { "line": 6, "column": 23 } },
      "7": { "start": { "line": 8, "column": 0 }, "end": { "line": 8, "column": 23 } },
      "8": { "start": { "line": 9, "column": 0 }, "end": { "line": 9, "column": 23 } },
      "9": { "start": { "line": 10, "column": 0 }, "end": { "line": 10, "column": 34 } },
      "10": { "start": { "line": 11, "column": 0 }, "end": { "line": 11, "column": 31 } },
      "11": { "start": { "line": 12, "column": 0 }, "end": { "line": 12, "column": 27 } },
      "12": { "start": { "line": 13, "column": 0 }, "end": { "line": 13, "column": 39 } },
      "13": { "start": { "line": 14, "column": 0 }, "end": { "line": 14, "column": 29 } },
      "14": { "start": { "line": 15, "column": 0 }, "end": { "line": 15, "column": 8 } },
      "17": { "start": { "line": 18, "column": 0 }, "end": { "line": 18, "column": 22 } },
      "18": { "start": { "line": 19, "column": 0 }, "end": { "line": 19, "column": 74 } },
      "20": { "start": { "line": 21, "column": 0 }, "end": { "line": 21, "column": 16 } },
      "24": { "start": { "line": 25, "column": 0 }, "end": { "line": 25, "column": 25 } },
      "25": { "start": { "line": 26, "column": 0 }, "end": { "line": 26, "column": 75 } },
      "26": { "start": { "line": 27, "column": 0 }, "end": { "line": 27, "column": 45 } },
      "27": { "start": { "line": 28, "column": 0 }, "end": { "line": 28, "column": 73 } },
      "28": { "start": { "line": 29, "column": 0 }, "end": { "line": 29, "column": 50 } },
      "29": { "start": { "line": 30, "column": 0 }, "end": { "line": 30, "column": 52 } },
      "30": { "start": { "line": 31, "column": 0 }, "end": { "line": 31, "column": 52 } },
      "31": { "start": { "line": 32, "column": 0 }, "end": { "line": 32, "column": 71 } },
      "34": { "start": { "line": 35, "column": 0 }, "end": { "line": 35, "column": 49 } },
      "35": { "start": { "line": 36, "column": 0 }, "end": { "line": 36, "column": 81 } },
      "36": { "start": { "line": 37, "column": 0 }, "end": { "line": 37, "column": 36 } },
      "37": { "start": { "line": 38, "column": 0 }, "end": { "line": 38, "column": 24 } },
      "39": { "start": { "line": 40, "column": 0 }, "end": { "line": 40, "column": 7 } },
      "40": { "start": { "line": 41, "column": 0 }, "end": { "line": 41, "column": 14 } },
      "41": { "start": { "line": 42, "column": 0 }, "end": { "line": 42, "column": 12 } },
      "42": { "start": { "line": 43, "column": 0 }, "end": { "line": 43, "column": 10 } },
      "43": { "start": { "line": 44, "column": 0 }, "end": { "line": 44, "column": 8 } },
      "44": { "start": { "line": 45, "column": 0 }, "end": { "line": 45, "column": 14 } },
      "45": { "start": { "line": 46, "column": 0 }, "end": { "line": 46, "column": 28 } },
      "46": { "start": { "line": 47, "column": 0 }, "end": { "line": 47, "column": 37 } },
      "47": { "start": { "line": 48, "column": 0 }, "end": { "line": 48, "column": 2 } },
      "49": { "start": { "line": 50, "column": 0 }, "end": { "line": 50, "column": 34 } },
      "50": { "start": { "line": 51, "column": 0 }, "end": { "line": 51, "column": 46 } },
      "51": { "start": { "line": 52, "column": 0 }, "end": { "line": 52, "column": 33 } },
      "52": { "start": { "line": 53, "column": 0 }, "end": { "line": 53, "column": 67 } },
      "53": { "start": { "line": 54, "column": 0 }, "end": { "line": 54, "column": 5 } },
      "54": { "start": { "line": 55, "column": 0 }, "end": { "line": 55, "column": 42 } },
      "55": { "start": { "line": 56, "column": 0 }, "end": { "line": 56, "column": 4 } },
      "56": { "start": { "line": 57, "column": 0 }, "end": { "line": 57, "column": 20 } },
      "57": { "start": { "line": 58, "column": 0 }, "end": { "line": 58, "column": 64 } },
      "58": { "start": { "line": 59, "column": 0 }, "end": { "line": 59, "column": 94 } },
      "59": { "start": { "line": 60, "column": 0 }, "end": { "line": 60, "column": 15 } },
      "60": { "start": { "line": 61, "column": 0 }, "end": { "line": 61, "column": 29 } },
      "61": { "start": { "line": 62, "column": 0 }, "end": { "line": 62, "column": 4 } },
      "62": { "start": { "line": 63, "column": 0 }, "end": { "line": 63, "column": 30 } },
      "63": { "start": { "line": 64, "column": 0 }, "end": { "line": 64, "column": 62 } },
      "64": { "start": { "line": 65, "column": 0 }, "end": { "line": 65, "column": 4 } },
      "65": { "start": { "line": 66, "column": 0 }, "end": { "line": 66, "column": 2 } },
      "67": { "start": { "line": 68, "column": 0 }, "end": { "line": 68, "column": 28 } },
      "68": { "start": { "line": 69, "column": 0 }, "end": { "line": 69, "column": 27 } },
      "69": { "start": { "line": 70, "column": 0 }, "end": { "line": 70, "column": 13 } },
      "70": { "start": { "line": 71, "column": 0 }, "end": { "line": 71, "column": 1 } },
      "72": { "start": { "line": 73, "column": 0 }, "end": { "line": 73, "column": 51 } },
[...]
        ]
      },
      "2": {
        "type": "branch",
        "line": 19,
        "loc": { "start": { "line": 19, "column": 2 }, "end": { "line": 31, "column": 3 } },
        "locations": [{ "start": { "line": 19, "column": 2 }, "end": { "line": 31, "column": 3 } }]
      },
      "3": {
        "type": "branch",
        "line": 20,
        "loc": { "start": { "line": 20, "column": 14 }, "end": { "line": 20, "column": 35 } },
        "locations": [
          { "start": { "line": 20, "column": 14 }, "end": { "line": 20, "column": 35 } }
        ]
      },
      "4": {
        "type": "branch",
        "line": 20,
        "loc": { "start": { "line": 20, "column": 40 }, "end": { "line": 22, "column": 5 } },
        "locations": [{ "start": { "line": 20, "column": 40 }, "end": { "line": 22, "column": 5 } }]
      },
      "5": {
        "type": "branch",
        "line": 24,
        "loc": { "start": { "line": 24, "column": 23 }, "end": { "line": 24, "column": 44 } },
        "locations": [
          { "start": { "line": 24, "column": 23 }, "end": { "line": 24, "column": 44 } }
        ]
      },
      "6": {
        "type": "branch",
        "line": 26,
        "loc": { "start": { "line": 26, "column": 12 }, "end": { "line": 26, "column": 32 } },
        "locations": [
          { "start": { "line": 26, "column": 12 }, "end": { "line": 26, "column": 32 } }
        ]
      },
      "7": {
        "type": "branch",
        "line": 26,
        "loc": { "start": { "line": 26, "column": 22 }, "end": { "line": 26, "column": 36 } },
        "locations": [
          { "start": { "line": 26, "column": 22 }, "end": { "line": 26, "column": 36 } }
        ]
      },
      "8": {
        "type": "branch",
        "line": 27,
        "loc": { "start": { "line": 27, "column": 6 }, "end": { "line": 27, "column": 23 } },
        "locations": [{ "start": { "line": 27, "column": 6 }, "end": { "line": 27, "column": 23 } }]
      },
      "9": {
        "type": "branch",
        "line": 27,
        "loc": { "start": { "line": 27, "column": 12 }, "end": { "line": 27, "column": 37 } },
        "locations": [
          { "start": { "line": 27, "column": 12 }, "end": { "line": 27, "column": 37 } }
        ]
      },
      "10": {
        "type": "branch",
        "line": 28,
        "loc": { "start": { "line": 28, "column": 6 }, "end": { "line": 28, "column": 28 } },
        "locations": [{ "start": { "line": 28, "column": 6 }, "end": { "line": 28, "column": 28 } }]
      },
      "11": {
        "type": "branch",
        "line": 28,
        "loc": { "start": { "line": 28, "column": 12 }, "end": { "line": 28, "column": 67 } },
        "locations": [
          { "start": { "line": 28, "column": 12 }, "end": { "line": 28, "column": 67 } }
        ]
      },
      "12": {
        "type": "branch",
        "line": 29,
        "loc": { "start": { "line": 29, "column": 6 }, "end": { "line": 29, "column": 32 } },
        "locations": [{ "start": { "line": 29, "column": 6 }, "end": { "line": 29, "column": 32 } }]
      },
      "13": {
        "type": "branch",
        "line": 29,
        "loc": { "start": { "line": 29, "column": 12 }, "end": { "line": 29, "column": 34 } },
        "locations": [
          { "start": { "line": 29, "column": 12 }, "end": { "line": 29, "column": 34 } }
        ]
      }
    },
    "b": {
      "0": [2],
      "1": [1],
      "2": [5],
      "3": [4],
      "4": [2],
      "5": [4],
      "6": [4],
      "7": [1],
      "8": [4],
      "9": [3],
      "10": [4],
      "11": [4],
      "12": [4],
      "13": [4]
    },
    "fnMap": {
      "0": {
        "name": "httpClient.interceptors.response.use.window.location.href",
        "decl": { "start": { "line": 13, "column": 2 }, "end": { "line": 18, "column": 4 } },
        "loc": { "start": { "line": 13, "column": 2 }, "end": { "line": 18, "column": 4 } },
        "line": 13
      }
    },
    "f": { "0": 2 }
  },
  "/Users/tenman/dev/portfolio/ui/utils/style-classes.ts": {
    "path": "/Users/tenman/dev/portfolio/ui/utils/style-classes.ts",
    "all": true,
    "statementMap": {
      "0": { "start": { "line": 1, "column": 0 }, "end": { "line": 1, "column": 29 } },
      "1": { "start": { "line": 2, "column": 0 }, "end": { "line": 2, "column": 11 } },
      "2": { "start": { "line": 3, "column": 0 }, "end": { "line": 3, "column": 27 } },
      "3": { "start": { "line": 4, "column": 0 }, "end": { "line": 4, "column": 38 } },
      "4": { "start": { "line": 5, "column": 0 }, "end": { "line": 5, "column": 15 } },
      "5": { "start": { "line": 6, "column": 0 }, "end": { "line": 6, "column": 15 } },
      "6": { "start": { "line": 7, "column": 0 }, "end": { "line": 7, "column": 24 } },
      "7": { "start": { "line": 8, "column": 0 }, "end": { "line": 8, "column": 46 } },
      "8": { "start": { "line": 9, "column": 0 }, "end": { "line": 9, "column": 46 } },
      "9": { "start": { "line": 10, "column": 0 }, "end": { "line": 10, "column": 4 } },
      "11": { "start": { "line": 12, "column": 0 }, "end": { "line": 12, "column": 12 } },
      "12": { "start": { "line": 13, "column": 0 }, "end": { "line": 13, "column": 39 } },
      "13": { "start": { "line": 14, "column": 0 }, "end": { "line": 14, "column": 39 } },
      "14": { "start": { "line": 15, "column": 0 }, "end": { "line": 15, "column": 39 } },
      "15": { "start": { "line": 16, "column": 0 }, "end": { "line": 16, "column": 39 } },
      "16": { "start": { "line": 17, "column": 0 }, "end": { "line": 17, "column": 39 } },
      "17": { "start": { "line": 18, "column": 0 }, "end": { "line": 18, "column": 39 } },
      "18": { "start": { "line": 19, "column": 0 }, "end": { "line": 19, "column": 37 } },
      "19": { "start": { "line": 20, "column": 0 }, "end": { "line": 20, "column": 39 } },
      "20": { "start": { "line": 21, "column": 0 }, "end": { "line": 21, "column": 39 } },
      "21": { "start": { "line": 22, "column": 0 }, "end": { "line": 22, "column": 39 } },
      "22": { "start": { "line": 23, "column": 0 }, "end": { "line": 23, "column": 39 } },
      "23": { "start": { "line": 24, "column": 0 }, "end": { "line": 24, "column": 4 } },
      "25": { "start": { "line": 26, "column": 0 }, "end": { "line": 26, "column": 12 } },
      "26": { "start": { "line": 27, "column": 0 }, "end": { "line": 27, "column": 19 } },
      "27": { "start": { "line": 28, "column": 0 }, "end": { "line": 28, "column": 19 } },
      "28": { "start": { "line": 29, "column": 0 }, "end": { "line": 29, "column": 21 } },
      "29": { "start": { "line": 30, "column": 0 }, "end": { "line": 30, "column": 23 } },
      "30": { "start": { "line": 31, "column": 0 }, "end": { "line": 31, "column": 34 } },
      "31": { "start": { "line": 32, "column": 0 }, "end": { "line": 32, "column": 28 } },
      "32": { "start": { "line": 33, "column": 0 }, "end": { "line": 33, "column": 24 } },
      "33": { "start": { "line": 34, "column": 0 }, "end": { "line": 34, "column": 4 } },
      "35": { "start": { "line": 36, "column": 0 }, "end": { "line": 36, "column": 12 } },
      "36": { "start": { "line": 37, "column": 0 }, "end": { "line": 37, "column": 46 } },
      "37": { "start": { "line": 38, "column": 0 }, "end": { "line": 38, "column": 44 } },
      "38": { "start": { "line": 39, "column": 0 }, "end": { "line": 39, "column": 38 } },
      "39": { "start": { "line": 40, "column": 0 }, "end": { "line": 40, "column": 32 } },
      "40": { "start": { "line": 41, "column": 0 }, "end": { "line": 41, "column": 30 } },
      "41": { "start": { "line": 42, "column": 0 }, "end": { "line": 42, "column": 29 } },
      "42": { "start": { "line": 43, "column": 0 }, "end": { "line": 43, "column": 4 } },
      "44": { "start": { "line": 45, "column": 0 }, "end": { "line": 45, "column": 9 } },
      "45": { "start": { "line": 46, "column": 0 }, "end": { "line": 46, "column": 26 } },
      "46": { "start": { "line": 47, "column": 0 }, "end": { "line": 47, "column": 24 } },
      "47": { "start": { "line": 48, "column": 0 }, "end": { "line": 48, "column": 20 } },
      "48": { "start": { "line": 49, "column": 0 }, "end": { "line": 49, "column": 28 } },
      "49": { "start": { "line": 50, "column": 0 }, "end": { "line": 50, "column": 32 } },
      "50": { "start": { "line": 51, "column": 0 }, "end": { "line": 51, "column": 28 } },
      "51": { "start": { "line": 52, "column": 0 }, "end": { "line": 52, "column": 26 } },
      "52": { "start": { "line": 53, "column": 0 }, "end": { "line": 53, "column": 28 } },
      "53": { "start": { "line": 54, "column": 0 }, "end": { "line": 54, "column": 22 } },
      "54": { "start": { "line": 55, "column": 0 }, "end": { "line": 55, "column": 24 } },
      "55": { "start": { "line": 56, "column": 0 }, "end": { "line": 56, "column": 26 } },
      "56": { "start": { "line": 57, "column": 0 }, "end": { "line": 57, "column": 4 } },
      "58": { "start": { "line": 59, "column": 0 }, "end": { "line": 59, "column": 12 } },
      "59": { "start": { "line": 60, "column": 0 }, "end": { "line": 60, "column": 16 } },
      "60": { "start": { "line": 61, "column": 0 }, "end": { "line": 61, "column": 31 } },
      "61": { "start": { "line": 62, "column": 0 }, "end": { "line": 62, "column": 35 } },
      "62": { "start": { "line": 63, "column": 0 }, "end": { "line": 63, "column": 29 } },
      "63": { "start": { "line": 64, "column": 0 }, "end": { "line": 64, "column": 31 } },
      "64": { "start": { "line": 65, "column": 0 }, "end": { "line": 65, "column": 14 } },
      "65": { "start": { "line": 66, "column": 0 }, "end": { "line": 66, "column": 41 } },
      "66": { "start": { "line": 67, "column": 0 }, "end": { "line": 67, "column": 45 } },
      "67": { "start": { "line": 68, "column": 0 }, "end": { "line": 68, "column": 39 } },
      "68": { "start": { "line": 69, "column": 0 }, "end": { "line": 69, "column": 6 } },
      "69": { "start": { "line": 70, "column": 0 }, "end": { "line": 70, "column": 17 } },
      "70": { "start": { "line": 71, "column": 0 }, "end": { "line": 71, "column": 17 } },
      "71": { "start": { "line": 72, "column": 0 }, "end": { "line": 72, "column": 23 } },
      "72": { "start": { "line": 73, "column": 0 }, "end": { "line": 73, "column": 4 } },
      "74": { "start": { "line": 75, "column": 0 }, "end": { "line": 75, "column": 10 } },
      "75": { "start": { "line": 76, "column": 0 }, "end": { "line": 76, "column": 28 } },
      "76": { "start": { "line": 77, "column": 0 }, "end": { "line": 77, "column": 26 } },
      "77": { "start": { "line": 78, "column": 0 }, "end": { "line": 78, "column": 24 } },
      "78": { "start": { "line": 79, "column": 0 }, "end": { "line": 79, "column": 22 } },
      "79": { "start": { "line": 80, "column": 0 }, "end": { "line": 80, "column": 12 } },
      "80": { "start": { "line": 81, "column": 0 }, "end": { "line": 81, "column": 32 } },
      "81": { "start": { "line": 82, "column": 0 }, "end": { "line": 82, "column": 32 } },
      "82": { "start": { "line": 83, "column": 0 }, "end": { "line": 83, "column": 6 } },
      "83": { "start": { "line": 84, "column": 0 }, "end": { "line": 84, "column": 15 } },
      "84": { "start": { "line": 85, "column": 0 }, "end": { "line": 85, "column": 33 } },
      "85": { "start": { "line": 86, "column": 0 }, "end": { "line": 86, "column": 6 } },
      "86": { "start": { "line": 87, "column": 0 }, "end": { "line": 87, "column": 17 } },
      "87": { "start": { "line": 88, "column": 0 }, "end": { "line": 88, "column": 28 } },
      "88": { "start": { "line": 89, "column": 0 }, "end": { "line": 89, "column": 24 } },
      "89": { "start": { "line": 90, "column": 0 }, "end": { "line": 90, "column": 35 } },
      "90": { "start": { "line": 91, "column": 0 }, "end": { "line": 91, "column": 6 } },
      "91": { "start": { "line": 92, "column": 0 }, "end": { "line": 92, "column": 4 } },
      "93": { "start": { "line": 94, "column": 0 }, "end": { "line": 94, "column": 10 } },
      "94": { "start": { "line": 95, "column": 0 }, "end": { "line": 95, "column": 18 } },
      "95": { "start": { "line": 96, "column": 0 }, "end": { "line": 96, "column": 35 } },
      "96": { "start": { "line": 97, "column": 0 }, "end": { "line": 97, "column": 31 } },
      "97": { "start": { "line": 98, "column": 0 }, "end": { "line": 98, "column": 37 } },
      "98": { "start": { "line": 99, "column": 0 }, "end": { "line": 99, "column": 35 } },
      "99": { "start": { "line": 100, "column": 0 }, "end": { "line": 100, "column": 4 } },
      "101": { "start": { "line": 102, "column": 0 }, "end": { "line": 102, "column": 11 } },
      "102": { "start": { "line": 103, "column": 0 }, "end": { "line": 103, "column": 18 } },
      "103": { "start": { "line": 104, "column": 0 }, "end": { "line": 104, "column": 33 } },
      "104": { "start": { "line": 105, "column": 0 }, "end": { "line": 105, "column": 29 } },
      "105": { "start": { "line": 106, "column": 0 }, "end": { "line": 106, "column": 35 } },
      "106": { "start": { "line": 107, "column": 0 }, "end": { "line": 107, "column": 35 } },
      "107": { "start": { "line": 108, "column": 0 }, "end": { "line": 108, "column": 4 } },
      "109": { "start": { "line": 110, "column": 0 }, "end": { "line": 110, "column": 10 } },
      "110": { "start": { "line": 111, "column": 0 }, "end": { "line": 111, "column": 31 } },
      "111": { "start": { "line": 112, "column": 0 }, "end": { "line": 112, "column": 27 } },
      "112": { "start": { "line": 113, "column": 0 }, "end": { "line": 113, "column": 29 } },
      "113": { "start": { "line": 114, "column": 0 }, "end": { "line": 114, "column": 27 } },
      "114": { "start": { "line": 115, "column": 0 }, "end": { "line": 115, "column": 23 } },
      "115": { "start": { "line": 116, "column": 0 }, "end": { "line": 116, "column": 27 } },
      "116": { "start": { "line": 117, "column": 0 }, "end": { "line": 117, "column": 25 } },
      "117": { "start": { "line": 118, "column": 0 }, "end": { "line": 118, "column": 38 } },
      "118": { "start": { "line": 119, "column": 0 }, "end": { "line": 119, "column": 4 } },
      "120": { "start": { "line": 121, "column": 0 }, "end": { "line": 121, "column": 14 } },
      "121": { "start": { "line": 122, "column": 0 }, "end": { "line": 122, "column": 38 } },
      "122": { "start": { "line": 123, "column": 0 }, "end": { "line": 123, "column": 34 } },
      "123": { "start": { "line": 124, "column": 0 }, "end": { "line": 124, "column": 39 } },
      "124": { "start": { "line": 125, "column": 0 }, "end": { "line": 125, "column": 21 } },
      "125": { "start": { "line": 126, "column": 0 }, "end": { "line": 126, "column": 26 } },
      "126": { "start": { "line": 127, "column": 0 }, "end": { "line": 127, "column": 23 } },
      "127": { "start": { "line": 128, "column": 0 }, "end": { "line": 128, "column": 21 } },
      "128": { "start": { "line": 129, "column": 0 }, "end": { "line": 129, "column": 28 } },
      "129": { "start": { "line": 130, "column": 0 }, "end": { "line": 130, "column": 34 } },
      "130": { "start": { "line": 131, "column": 0 }, "end": { "line": 131, "column": 4 } },
      "132": { "start": { "line": 133, "column": 0 }, "end": { "line": 133, "column": 12 } },
      "133": { "start": { "line": 134, "column": 0 }, "end": { "line": 134, "column": 29 } },
      "134": { "start": { "line": 135, "column": 0 }, "end": { "line": 135, "column": 49 } },
      "135": { "start": { "line": 136, "column": 0 }, "end": { "line": 136, "column": 4 } },
      "137": { "start": { "line": 138, "column": 0 }, "end": { "line": 138, "column": 15 } },
      "138": { "start": { "line": 139, "column": 0 }, "end": { "line": 139, "column": 21 } },
      "139": { "start": { "line": 140, "column": 0 }, "end": { "line": 140, "column": 15 } },
      "140": { "start": { "line": 141, "column": 0 }, "end": { "line": 141, "column": 24 } },
      "141": { "start": { "line": 142, "column": 0 }, "end": { "line": 142, "column": 24 } },
      "142": { "start": { "line": 143, "column": 0 }, "end": { "line": 143, "column": 4 } },
      "144": { "start": { "line": 145, "column": 0 }, "end": { "line": 145, "column": 10 } },
      "145": { "start": { "line": 146, "column": 0 }, "end": { "line": 146, "column": 18 } },
      "146": { "start": { "line": 147, "column": 0 }, "end": { "line": 147, "column": 32 } },
      "147": { "start": { "line": 148, "column": 0 }, "end": { "line": 148, "column": 36 } },
      "148": { "start": { "line": 149, "column": 0 }, "end": { "line": 149, "column": 32 } },
      "149": { "start": { "line": 150, "column": 0 }, "end": { "line": 150, "column": 30 } },
      "150": { "start": { "line": 151, "column": 0 }, "end": { "line": 151, "column": 4 } },
      "151": { "start": { "line": 152, "column": 0 }, "end": { "line": 152, "column": 10 } },
      "155": { "start": { "line": 156, "column": 0 }, "end": { "line": 156, "column": 79 } },
      "156": { "start": { "line": 157, "column": 0 }, "end": { "line": 157, "column": 42 } },
      "157": { "start": { "line": 158, "column": 0 }, "end": { "line": 158, "column": 1 } }
    },
    "s": {
      "0": 0,
      "1": 0,
      "2": 0,
      "3": 0,
      "4": 0,
      "5": 0,
      "6": 0,
      "7": 0,
      "8": 0,
      "9": 0,
      "11": 0,
      "12": 0,
      "13": 0,
      "14": 0,
      "15": 0,
      "16": 0,
      "17": 0,
      "18": 0,
      "19": 0,
      "20": 0,
      "21": 0,
      "22": 0,
      "23": 0,
      "25": 0,
      "26": 0,
      "27": 0,
      "28": 0,
      "29": 0,
      "30": 0,
      "31": 0,
      "32": 0,
      "33": 0,
      "35": 0,
      "36": 0,
      "37": 0,
      "38": 0,
      "39": 0,
      "40": 0,
      "41": 0,
      "42": 0,
      "44": 0,
      "45": 0,
      "46": 0,
      "47": 0,
      "48": 0,
      "49": 0,
      "50": 0,
      "51": 0,
      "52": 0,
      "53": 0,
      "54": 0,
      "55": 0,
      "56": 0,
      "58": 0,
      "59": 0,
      "60": 0,
      "61": 0,
      "62": 0,
      "63": 0,
      "64": 0,
      "65": 0,
      "66": 0,
      "67": 0,
      "68": 0,
      "69": 0,
      "70": 0,
      "71": 0,
      "72": 0,
      "74": 0,
      "75": 0,
      "76": 0,
      "77": 0,
      "78": 0,
      "79": 0,
      "80": 0,
      "81": 0,
      "82": 0,
      "83": 0,
      "84": 0,
      "85": 0,
      "86": 0,
      "87": 0,
      "88": 0,
      "89": 0,
      "90": 0,
      "91": 0,
      "93": 0,
      "94": 0,
      "95": 0,
      "96": 0,
      "97": 0,
      "98": 0,
      "99": 0,
      "101": 0,
      "102": 0,
      "103": 0,
      "104": 0,
      "105": 0,
      "106": 0,
      "107": 0,
      "109": 0,
      "110": 0,
      "111": 0,
      "112": 0,
      "113": 0,
      "114": 0,
      "115": 0,
      "116": 0,
      "117": 0,
      "118": 0,
      "120": 0,
      "121": 0,
      "122": 0,
      "123": 0,
      "124": 0,
      "125": 0,
      "126": 0,
      "127": 0,
      "128": 0,
      "129": 0,
      "130": 0,
      "132": 0,
      "133": 0,
      "134": 0,
      "135": 0,
      "137": 0,
      "138": 0,
      "139": 0,
      "140": 0,
      "141": 0,
      "142": 0,
      "144": 0,
      "145": 0,
      "146": 0,
      "147": 0,
      "148": 0,
      "149": 0,
      "150": 0,
      "151": 0,
      "155": 0,
      "156": 0,
      "157": 0
    },
    "branchMap": {
      "0": {
        "type": "branch",
        "line": 1,
        "loc": { "start": { "line": 1, "column": 3712 }, "end": { "line": 158, "column": 1 } },
        "locations": [
          { "start": { "line": 1, "column": 3712 }, "end": { "line": 158, "column": 1 } }
        ]
      }
    },
    "b": { "0": [0] },
    "fnMap": {
      "0": {
        "name": "(empty-report)",
        "decl": { "start": { "line": 1, "column": 3712 }, "end": { "line": 158, "column": 1 } },
        "loc": { "start": { "line": 1, "column": 3712 }, "end": { "line": 158, "column": 1 } },
        "line": 1
      }
    },
    "f": { "0": 0 }
  }
}
